<?xml version="1.0" encoding="utf-8"?>
<CoverageSession xmlns:xsd="http://www.w3.org/2001/XMLSchema" xmlns:xsi="http://www.w3.org/2001/XMLSchema-instance" Version="0.0.0.0">
  <Summary numSequencePoints="554" visitedSequencePoints="429" numBranchPoints="0" visitedBranchPoints="0" sequenceCoverage="77.44" branchCoverage="0.0" maxCyclomaticComplexity="0" minCyclomaticComplexity="0" maxCrapScore="0" minCrapScore="0" visitedClasses="17" numClasses="17" visitedMethods="50" numMethods="50" />
  <Modules>
    <Module>
      <Summary numSequencePoints="49" visitedSequencePoints="47" numBranchPoints="0" visitedBranchPoints="0" sequenceCoverage="95.92" branchCoverage="0.0" maxCyclomaticComplexity="0" minCyclomaticComplexity="0" maxCrapScore="0" minCrapScore="0" visitedClasses="2" numClasses="2" visitedMethods="8" numMethods="8" />
      <ModuleTime>0001-01-01T00:00:00</ModuleTime>
      <ModuleName>CFXREditor</ModuleName>
      <Files>
        <File uid="3" fullPath="/Users/rima/UnityProjects/FruitBasket/Assets/JMO Assets/Cartoon FX Remaster/CFXR Assets/Editor/CFXR_ExpressionParser.cs" />
        <File uid="4" fullPath="/Users/rima/UnityProjects/FruitBasket/Assets/JMO Assets/Cartoon FX Remaster/CFXR Assets/Editor/CFXR_MaterialInspector.cs" />
        <File uid="5" fullPath="/Users/rima/UnityProjects/FruitBasket/Assets/JMO Assets/Cartoon FX Remaster/CFXR Assets/Editor/CFXR_Styles.cs" />
        <File uid="6" fullPath="/Users/rima/UnityProjects/FruitBasket/Assets/JMO Assets/Cartoon FX Remaster/CFXR Assets/Editor/CFXR_ShaderImporter.cs" />
        <File uid="7" fullPath="/Users/rima/UnityProjects/FruitBasket/Assets/JMO Assets/Cartoon FX Remaster/CFXR Assets/Editor/CFXR_ShaderPostProcessor.cs" />
      </Files>
      <Classes>
        <Class>
          <Summary numSequencePoints="3" visitedSequencePoints="3" numBranchPoints="0" visitedBranchPoints="0" sequenceCoverage="100.0" branchCoverage="0.0" maxCyclomaticComplexity="0" minCyclomaticComplexity="0" maxCrapScore="0" minCrapScore="0" visitedClasses="1" numClasses="1" visitedMethods="2" numMethods="2" />
          <FullName>CartoonFX.MaterialInspector</FullName>
          <Methods>
            <Method visited="true" cyclomaticComplexity="0" nPathComplexity="0" sequenceCoverage="100.0" branchCoverage="0" crapScore="0" isConstructor="true" isStatic="false" isGetter="false" isSetter="false">
              <Summary numSequencePoints="2" visitedSequencePoints="2" numBranchPoints="0" visitedBranchPoints="0" sequenceCoverage="100.0" branchCoverage="0" maxCyclomaticComplexity="0" minCyclomaticComplexity="0" maxCrapScore="0" minCrapScore="0" visitedClasses="0" numClasses="0" visitedMethods="1" numMethods="1" />
              <MetadataToken>100663310</MetadataToken>
              <Name>CartoonFX.MaterialInspector::MaterialInspector()</Name>
              <FileRef uid="4" />
              <SequencePoints>
                <SequencePoint vc="5" uspid="3061" ordinal="0" offset="0" sl="44" sc="3" el="44" ec="3" bec="0" bev="0" fileid="4" />
                <SequencePoint vc="5" uspid="3062" ordinal="0" offset="11" sl="46" sc="3" el="46" ec="3" bec="0" bev="0" fileid="4" />
              </SequencePoints>
              <BranchPoints />
            </Method>
            <Method visited="true" cyclomaticComplexity="0" nPathComplexity="0" sequenceCoverage="100.0" branchCoverage="0" crapScore="0" isConstructor="true" isStatic="true" isGetter="false" isSetter="false">
              <Summary numSequencePoints="1" visitedSequencePoints="1" numBranchPoints="0" visitedBranchPoints="0" sequenceCoverage="100.0" branchCoverage="0" maxCyclomaticComplexity="0" minCyclomaticComplexity="0" maxCrapScore="0" minCrapScore="0" visitedClasses="0" numClasses="0" visitedMethods="1" numMethods="1" />
              <MetadataToken>100663311</MetadataToken>
              <Name>static CartoonFX.MaterialInspector::MaterialInspector()</Name>
              <FileRef uid="4" />
              <SequencePoints>
                <SequencePoint vc="1" uspid="3063" ordinal="0" offset="0" sl="22" sc="3" el="22" ec="3" bec="0" bev="0" fileid="4" />
              </SequencePoints>
              <BranchPoints />
            </Method>
          </Methods>
        </Class>
        <Class>
          <Summary numSequencePoints="46" visitedSequencePoints="44" numBranchPoints="0" visitedBranchPoints="0" sequenceCoverage="95.65" branchCoverage="0.0" maxCyclomaticComplexity="0" minCyclomaticComplexity="0" maxCrapScore="0" minCrapScore="0" visitedClasses="1" numClasses="1" visitedMethods="6" numMethods="6" />
          <FullName>CartoonFX.MaterialKeywordEnumNoPrefixDrawer</FullName>
          <Methods>
            <Method visited="true" cyclomaticComplexity="0" nPathComplexity="0" sequenceCoverage="100.0" branchCoverage="0" crapScore="0" isConstructor="false" isStatic="true" isGetter="false" isSetter="false">
              <Summary numSequencePoints="3" visitedSequencePoints="3" numBranchPoints="0" visitedBranchPoints="0" sequenceCoverage="100.0" branchCoverage="0" maxCyclomaticComplexity="0" minCyclomaticComplexity="0" maxCrapScore="0" minCrapScore="0" visitedClasses="0" numClasses="0" visitedMethods="1" numMethods="1" />
              <MetadataToken>100663323</MetadataToken>
              <Name>static System.Boolean CartoonFX.MaterialKeywordEnumNoPrefixDrawer::IsPropertyTypeSuitable(UnityEditor.MaterialProperty)</Name>
              <FileRef uid="4" />
              <SequencePoints>
                <SequencePoint vc="8" uspid="3094" ordinal="0" offset="0" sl="336" sc="3" el="336" ec="3" bec="0" bev="0" fileid="4" />
                <SequencePoint vc="8" uspid="3095" ordinal="0" offset="1" sl="337" sc="4" el="337" ec="4" bec="0" bev="0" fileid="4" />
                <SequencePoint vc="8" uspid="3096" ordinal="0" offset="25" sl="338" sc="3" el="338" ec="3" bec="0" bev="0" fileid="4" />
              </SequencePoints>
              <BranchPoints />
            </Method>
            <Method visited="true" cyclomaticComplexity="0" nPathComplexity="0" sequenceCoverage="100.0" branchCoverage="0" crapScore="0" isConstructor="false" isStatic="false" isGetter="false" isSetter="false">
              <Summary numSequencePoints="17" visitedSequencePoints="17" numBranchPoints="0" visitedBranchPoints="0" sequenceCoverage="100.0" branchCoverage="0" maxCyclomaticComplexity="0" minCyclomaticComplexity="0" maxCrapScore="0" minCrapScore="0" visitedClasses="0" numClasses="0" visitedMethods="1" numMethods="1" />
              <MetadataToken>100663324</MetadataToken>
              <Name>System.Void CartoonFX.MaterialKeywordEnumNoPrefixDrawer::SetKeyword(UnityEditor.MaterialProperty, System.Int32)</Name>
              <FileRef uid="4" />
              <SequencePoints>
                <SequencePoint vc="8" uspid="3097" ordinal="0" offset="0" sl="341" sc="3" el="341" ec="3" bec="0" bev="0" fileid="4" />
                <SequencePoint vc="8" uspid="3098" ordinal="0" offset="1" sl="342" sc="9" el="342" ec="9" bec="0" bev="0" fileid="4" />
                <SequencePoint vc="32" uspid="3099" ordinal="0" offset="5" sl="343" sc="4" el="343" ec="4" bec="0" bev="0" fileid="4" />
                <SequencePoint vc="32" uspid="3100" ordinal="0" offset="6" sl="344" sc="5" el="344" ec="5" bec="0" bev="0" fileid="4" />
                <SequencePoint vc="32" uspid="3101" ordinal="0" offset="26" sl="345" sc="5" el="345" ec="5" bec="0" bev="0" fileid="4" />
                <SequencePoint vc="32" uspid="3102" ordinal="0" offset="27" sl="345" sc="35" el="345" ec="35" bec="0" bev="0" fileid="4" />
                <SequencePoint vc="32" uspid="3103" ordinal="0" offset="38" sl="345" sc="14" el="345" ec="14" bec="0" bev="0" fileid="4" />
                <SequencePoint vc="32" uspid="3104" ordinal="0" offset="48" sl="346" sc="5" el="346" ec="5" bec="0" bev="0" fileid="4" />
                <SequencePoint vc="32" uspid="3105" ordinal="0" offset="49" sl="347" sc="6" el="347" ec="6" bec="0" bev="0" fileid="4" />
                <SequencePoint vc="8" uspid="3106" ordinal="0" offset="59" sl="348" sc="7" el="348" ec="7" bec="0" bev="0" fileid="4" />
                <SequencePoint vc="24" uspid="3107" ordinal="0" offset="70" sl="350" sc="7" el="350" ec="7" bec="0" bev="0" fileid="4" />
                <SequencePoint vc="32" uspid="3108" ordinal="0" offset="79" sl="351" sc="5" el="351" ec="5" bec="0" bev="0" fileid="4" />
                <SequencePoint vc="64" uspid="3109" ordinal="0" offset="84" sl="345" sc="32" el="345" ec="32" bec="0" bev="0" fileid="4" />
                <SequencePoint vc="32" uspid="3110" ordinal="0" offset="90" sl="352" sc="4" el="352" ec="4" bec="0" bev="0" fileid="4" />
                <SequencePoint vc="32" uspid="3111" ordinal="0" offset="91" sl="342" sc="41" el="342" ec="41" bec="0" bev="0" fileid="4" />
                <SequencePoint vc="40" uspid="3112" ordinal="0" offset="95" sl="342" sc="20" el="342" ec="20" bec="0" bev="0" fileid="4" />
                <SequencePoint vc="8" uspid="3113" ordinal="0" offset="112" sl="353" sc="3" el="353" ec="3" bec="0" bev="0" fileid="4" />
              </SequencePoints>
              <BranchPoints />
            </Method>
            <Method visited="true" cyclomaticComplexity="0" nPathComplexity="0" sequenceCoverage="75.00" branchCoverage="0" crapScore="0" isConstructor="false" isStatic="false" isGetter="false" isSetter="false">
              <Summary numSequencePoints="8" visitedSequencePoints="6" numBranchPoints="0" visitedBranchPoints="0" sequenceCoverage="75.00" branchCoverage="0" maxCyclomaticComplexity="0" minCyclomaticComplexity="0" maxCrapScore="0" minCrapScore="0" visitedClasses="0" numClasses="0" visitedMethods="1" numMethods="1" />
              <MetadataToken>100663327</MetadataToken>
              <Name>System.Void CartoonFX.MaterialKeywordEnumNoPrefixDrawer::Apply(UnityEditor.MaterialProperty)</Name>
              <FileRef uid="4" />
              <SequencePoints>
                <SequencePoint vc="8" uspid="3136" ordinal="0" offset="0" sl="386" sc="3" el="386" ec="3" bec="0" bev="0" fileid="4" />
                <SequencePoint vc="8" uspid="3137" ordinal="0" offset="1" sl="387" sc="4" el="387" ec="4" bec="0" bev="0" fileid="4" />
                <SequencePoint vc="8" uspid="3138" ordinal="0" offset="9" sl="388" sc="4" el="388" ec="4" bec="0" bev="0" fileid="4" />
                <SequencePoint vc="0" uspid="3139" ordinal="0" offset="22" sl="389" sc="5" el="389" ec="5" bec="0" bev="0" fileid="4" />
                <SequencePoint vc="8" uspid="3140" ordinal="0" offset="24" sl="391" sc="4" el="391" ec="4" bec="0" bev="0" fileid="4" />
                <SequencePoint vc="0" uspid="3141" ordinal="0" offset="34" sl="392" sc="5" el="392" ec="5" bec="0" bev="0" fileid="4" />
                <SequencePoint vc="8" uspid="3142" ordinal="0" offset="36" sl="394" sc="4" el="394" ec="4" bec="0" bev="0" fileid="4" />
                <SequencePoint vc="8" uspid="3143" ordinal="0" offset="51" sl="395" sc="3" el="395" ec="3" bec="0" bev="0" fileid="4" />
              </SequencePoints>
              <BranchPoints />
            </Method>
            <Method visited="true" cyclomaticComplexity="0" nPathComplexity="0" sequenceCoverage="100.0" branchCoverage="0" crapScore="0" isConstructor="false" isStatic="true" isGetter="false" isSetter="false">
              <Summary numSequencePoints="3" visitedSequencePoints="3" numBranchPoints="0" visitedBranchPoints="0" sequenceCoverage="100.0" branchCoverage="0" maxCyclomaticComplexity="0" minCyclomaticComplexity="0" maxCrapScore="0" minCrapScore="0" visitedClasses="0" numClasses="0" visitedMethods="1" numMethods="1" />
              <MetadataToken>100663328</MetadataToken>
              <Name>static System.String CartoonFX.MaterialKeywordEnumNoPrefixDrawer::GetKeywordName(System.String, System.String)</Name>
              <FileRef uid="4" />
              <SequencePoints>
                <SequencePoint vc="32" uspid="3144" ordinal="0" offset="0" sl="400" sc="3" el="400" ec="3" bec="0" bev="0" fileid="4" />
                <SequencePoint vc="32" uspid="3145" ordinal="0" offset="1" sl="402" sc="4" el="402" ec="4" bec="0" bev="0" fileid="4" />
                <SequencePoint vc="32" uspid="3146" ordinal="0" offset="5" sl="409" sc="3" el="409" ec="3" bec="0" bev="0" fileid="4" />
              </SequencePoints>
              <BranchPoints />
            </Method>
            <Method visited="true" cyclomaticComplexity="0" nPathComplexity="0" sequenceCoverage="100.0" branchCoverage="0" crapScore="0" isConstructor="true" isStatic="false" isGetter="false" isSetter="false">
              <Summary numSequencePoints="3" visitedSequencePoints="3" numBranchPoints="0" visitedBranchPoints="0" sequenceCoverage="100.0" branchCoverage="0" maxCyclomaticComplexity="0" minCyclomaticComplexity="0" maxCrapScore="0" minCrapScore="0" visitedClasses="0" numClasses="0" visitedMethods="1" numMethods="1" />
              <MetadataToken>100663319</MetadataToken>
              <Name>CartoonFX.MaterialKeywordEnumNoPrefixDrawer::MaterialKeywordEnumNoPrefixDrawer(System.String, System.String, System.String, System.String, System.String, System.String, System.String, System.String)</Name>
              <FileRef uid="4" />
              <SequencePoints>
                <SequencePoint vc="2" uspid="3156" ordinal="0" offset="0" sl="320" sc="146" el="320" ec="146" bec="0" bev="0" fileid="4" />
                <SequencePoint vc="2" uspid="3157" ordinal="0" offset="56" sl="320" sc="215" el="320" ec="215" bec="0" bev="0" fileid="4" />
                <SequencePoint vc="2" uspid="3158" ordinal="0" offset="57" sl="320" sc="217" el="320" ec="217" bec="0" bev="0" fileid="4" />
              </SequencePoints>
              <BranchPoints />
            </Method>
            <Method visited="true" cyclomaticComplexity="0" nPathComplexity="0" sequenceCoverage="100.0" branchCoverage="0" crapScore="0" isConstructor="true" isStatic="false" isGetter="false" isSetter="false">
              <Summary numSequencePoints="12" visitedSequencePoints="12" numBranchPoints="0" visitedBranchPoints="0" sequenceCoverage="100.0" branchCoverage="0" maxCyclomaticComplexity="0" minCyclomaticComplexity="0" maxCrapScore="0" minCrapScore="0" visitedClasses="0" numClasses="0" visitedMethods="1" numMethods="1" />
              <MetadataToken>100663322</MetadataToken>
              <Name>CartoonFX.MaterialKeywordEnumNoPrefixDrawer::MaterialKeywordEnumNoPrefixDrawer(System.String[], System.String[])</Name>
              <FileRef uid="4" />
              <SequencePoints>
                <SequencePoint vc="2" uspid="3165" ordinal="0" offset="0" sl="324" sc="3" el="324" ec="3" bec="0" bev="0" fileid="4" />
                <SequencePoint vc="2" uspid="3166" ordinal="0" offset="7" sl="325" sc="3" el="325" ec="3" bec="0" bev="0" fileid="4" />
                <SequencePoint vc="2" uspid="3167" ordinal="0" offset="8" sl="326" sc="4" el="326" ec="4" bec="0" bev="0" fileid="4" />
                <SequencePoint vc="2" uspid="3168" ordinal="0" offset="22" sl="327" sc="4" el="327" ec="4" bec="0" bev="0" fileid="4" />
                <SequencePoint vc="2" uspid="3169" ordinal="0" offset="36" sl="328" sc="9" el="328" ec="9" bec="0" bev="0" fileid="4" />
                <SequencePoint vc="8" uspid="3170" ordinal="0" offset="40" sl="329" sc="4" el="329" ec="4" bec="0" bev="0" fileid="4" />
                <SequencePoint vc="8" uspid="3171" ordinal="0" offset="41" sl="330" sc="5" el="330" ec="5" bec="0" bev="0" fileid="4" />
                <SequencePoint vc="8" uspid="3172" ordinal="0" offset="57" sl="331" sc="5" el="331" ec="5" bec="0" bev="0" fileid="4" />
                <SequencePoint vc="8" uspid="3173" ordinal="0" offset="68" sl="332" sc="4" el="332" ec="4" bec="0" bev="0" fileid="4" />
                <SequencePoint vc="8" uspid="3174" ordinal="0" offset="69" sl="328" sc="41" el="328" ec="41" bec="0" bev="0" fileid="4" />
                <SequencePoint vc="10" uspid="3175" ordinal="0" offset="73" sl="328" sc="20" el="328" ec="20" bec="0" bev="0" fileid="4" />
                <SequencePoint vc="2" uspid="3176" ordinal="0" offset="83" sl="333" sc="3" el="333" ec="3" bec="0" bev="0" fileid="4" />
              </SequencePoints>
              <BranchPoints />
            </Method>
          </Methods>
        </Class>
      </Classes>
    </Module>
    <Module>
      <Summary numSequencePoints="287" visitedSequencePoints="209" numBranchPoints="0" visitedBranchPoints="0" sequenceCoverage="72.82" branchCoverage="0.0" maxCyclomaticComplexity="0" minCyclomaticComplexity="0" maxCrapScore="0" minCrapScore="0" visitedClasses="3" numClasses="3" visitedMethods="18" numMethods="18" />
      <ModuleTime>0001-01-01T00:00:00</ModuleTime>
      <ModuleName>CFXRRuntime</ModuleName>
      <Files>
        <File uid="8" fullPath="/Users/rima/UnityProjects/FruitBasket/Assets/JMO Assets/Cartoon FX Remaster/CFXR Assets/Scripts/CFXR_Effect.cs" />
        <File uid="9" fullPath="/Users/rima/UnityProjects/FruitBasket/Assets/JMO Assets/Cartoon FX Remaster/CFXR Assets/Scripts/CFXR_EmissionBySurface.cs" />
        <File uid="10" fullPath="/Users/rima/UnityProjects/FruitBasket/Assets/JMO Assets/Cartoon FX Remaster/CFXR Assets/Scripts/CFXR_ParticleText.cs" />
        <File uid="11" fullPath="/Users/rima/UnityProjects/FruitBasket/Assets/JMO Assets/Cartoon FX Remaster/CFXR Assets/Scripts/CFXR_ParticleTextFontAsset.cs" />
        <File uid="12" fullPath="/Users/rima/UnityProjects/FruitBasket/Assets/JMO Assets/Cartoon FX Remaster/CFXR Assets/Scripts/CFXR_Effect.CameraShake.cs" />
      </Files>
      <Classes>
        <Class>
          <Summary numSequencePoints="90" visitedSequencePoints="60" numBranchPoints="0" visitedBranchPoints="0" sequenceCoverage="66.67" branchCoverage="0.0" maxCyclomaticComplexity="0" minCyclomaticComplexity="0" maxCrapScore="0" minCrapScore="0" visitedClasses="1" numClasses="1" visitedMethods="5" numMethods="5" />
          <FullName>CartoonFX.CFXR_Effect</FullName>
          <Methods>
            <Method visited="true" cyclomaticComplexity="0" nPathComplexity="0" sequenceCoverage="43.48" branchCoverage="0" crapScore="0" isConstructor="false" isStatic="false" isGetter="false" isSetter="false">
              <Summary numSequencePoints="23" visitedSequencePoints="10" numBranchPoints="0" visitedBranchPoints="0" sequenceCoverage="43.48" branchCoverage="0" maxCyclomaticComplexity="0" minCyclomaticComplexity="0" maxCrapScore="0" minCrapScore="0" visitedClasses="0" numClasses="0" visitedMethods="1" numMethods="1" />
              <MetadataToken>100663301</MetadataToken>
              <Name>System.Void CartoonFX.CFXR_Effect::Awake()</Name>
              <FileRef uid="8" />
              <SequencePoints>
                <SequencePoint vc="1" uspid="3941" ordinal="0" offset="0" sl="490" sc="3" el="490" ec="3" bec="0" bev="0" fileid="8" />
                <SequencePoint vc="1" uspid="3942" ordinal="0" offset="1" sl="492" sc="4" el="492" ec="4" bec="0" bev="0" fileid="8" />
                <SequencePoint vc="1" uspid="3943" ordinal="0" offset="27" sl="493" sc="4" el="493" ec="4" bec="0" bev="0" fileid="8" />
                <SequencePoint vc="1" uspid="3944" ordinal="0" offset="28" sl="494" sc="5" el="494" ec="5" bec="0" bev="0" fileid="8" />
                <SequencePoint vc="1" uspid="3945" ordinal="0" offset="40" sl="495" sc="4" el="495" ec="4" bec="0" bev="0" fileid="8" />
                <SequencePoint vc="1" uspid="3946" ordinal="0" offset="41" sl="498" sc="4" el="498" ec="4" bec="0" bev="0" fileid="8" />
                <SequencePoint vc="1" uspid="3947" ordinal="0" offset="60" sl="501" sc="4" el="501" ec="4" bec="0" bev="0" fileid="8" />
                <SequencePoint vc="1" uspid="3948" ordinal="0" offset="72" sl="502" sc="4" el="502" ec="4" bec="0" bev="0" fileid="8" />
                <SequencePoint vc="0" uspid="3949" ordinal="0" offset="119" sl="503" sc="4" el="503" ec="4" bec="0" bev="0" fileid="8" />
                <SequencePoint vc="0" uspid="3950" ordinal="0" offset="120" sl="504" sc="5" el="504" ec="5" bec="0" bev="0" fileid="8" />
                <SequencePoint vc="0" uspid="3951" ordinal="0" offset="131" sl="505" sc="4" el="505" ec="4" bec="0" bev="0" fileid="8" />
                <SequencePoint vc="1" uspid="3952" ordinal="0" offset="132" sl="512" sc="4" el="512" ec="4" bec="0" bev="0" fileid="8" />
                <SequencePoint vc="0" uspid="3953" ordinal="0" offset="155" sl="513" sc="4" el="513" ec="4" bec="0" bev="0" fileid="8" />
                <SequencePoint vc="0" uspid="3954" ordinal="0" offset="156" sl="514" sc="5" el="514" ec="5" bec="0" bev="0" fileid="8" />
                <SequencePoint vc="0" uspid="3955" ordinal="0" offset="157" sl="514" sc="31" el="514" ec="31" bec="0" bev="0" fileid="8" />
                <SequencePoint vc="0" uspid="3956" ordinal="0" offset="169" sl="514" sc="14" el="514" ec="14" bec="0" bev="0" fileid="8" />
                <SequencePoint vc="0" uspid="3957" ordinal="0" offset="175" sl="515" sc="5" el="515" ec="5" bec="0" bev="0" fileid="8" />
                <SequencePoint vc="0" uspid="3958" ordinal="0" offset="176" sl="516" sc="6" el="516" ec="6" bec="0" bev="0" fileid="8" />
                <SequencePoint vc="0" uspid="3959" ordinal="0" offset="195" sl="517" sc="6" el="517" ec="6" bec="0" bev="0" fileid="8" />
                <SequencePoint vc="0" uspid="3960" ordinal="0" offset="214" sl="518" sc="5" el="518" ec="5" bec="0" bev="0" fileid="8" />
                <SequencePoint vc="0" uspid="3961" ordinal="0" offset="221" sl="514" sc="28" el="514" ec="28" bec="0" bev="0" fileid="8" />
                <SequencePoint vc="0" uspid="3962" ordinal="0" offset="228" sl="519" sc="4" el="519" ec="4" bec="0" bev="0" fileid="8" />
                <SequencePoint vc="1" uspid="3963" ordinal="0" offset="229" sl="521" sc="3" el="521" ec="3" bec="0" bev="0" fileid="8" />
              </SequencePoints>
              <BranchPoints />
            </Method>
            <Method visited="true" cyclomaticComplexity="0" nPathComplexity="0" sequenceCoverage="100.0" branchCoverage="0" crapScore="0" isConstructor="false" isStatic="false" isGetter="false" isSetter="false">
              <Summary numSequencePoints="12" visitedSequencePoints="12" numBranchPoints="0" visitedBranchPoints="0" sequenceCoverage="100.0" branchCoverage="0" maxCyclomaticComplexity="0" minCyclomaticComplexity="0" maxCrapScore="0" minCrapScore="0" visitedClasses="0" numClasses="0" visitedMethods="1" numMethods="1" />
              <MetadataToken>100663302</MetadataToken>
              <Name>System.Void CartoonFX.CFXR_Effect::OnEnable()</Name>
              <FileRef uid="8" />
              <SequencePoints>
                <SequencePoint vc="1" uspid="3964" ordinal="0" offset="0" sl="525" sc="3" el="525" ec="3" bec="0" bev="0" fileid="8" />
                <SequencePoint vc="1" uspid="3965" ordinal="0" offset="1" sl="526" sc="4" el="526" ec="4" bec="0" bev="0" fileid="8" />
                <SequencePoint vc="1" uspid="3966" ordinal="0" offset="2" sl="526" sc="30" el="526" ec="30" bec="0" bev="0" fileid="8" />
                <SequencePoint vc="1" uspid="3967" ordinal="0" offset="13" sl="526" sc="13" el="526" ec="13" bec="0" bev="0" fileid="8" />
                <SequencePoint vc="1" uspid="3968" ordinal="0" offset="17" sl="527" sc="4" el="527" ec="4" bec="0" bev="0" fileid="8" />
                <SequencePoint vc="1" uspid="3969" ordinal="0" offset="18" sl="528" sc="5" el="528" ec="5" bec="0" bev="0" fileid="8" />
                <SequencePoint vc="1" uspid="3970" ordinal="0" offset="34" sl="529" sc="5" el="529" ec="5" bec="0" bev="0" fileid="8" />
                <SequencePoint vc="1" uspid="3971" ordinal="0" offset="35" sl="531" sc="6" el="531" ec="6" bec="0" bev="0" fileid="8" />
                <SequencePoint vc="1" uspid="3972" ordinal="0" offset="55" sl="535" sc="5" el="535" ec="5" bec="0" bev="0" fileid="8" />
                <SequencePoint vc="1" uspid="3973" ordinal="0" offset="56" sl="536" sc="4" el="536" ec="4" bec="0" bev="0" fileid="8" />
                <SequencePoint vc="2" uspid="3974" ordinal="0" offset="61" sl="526" sc="27" el="526" ec="27" bec="0" bev="0" fileid="8" />
                <SequencePoint vc="1" uspid="3975" ordinal="0" offset="67" sl="537" sc="3" el="537" ec="3" bec="0" bev="0" fileid="8" />
              </SequencePoints>
              <BranchPoints />
            </Method>
            <Method visited="true" cyclomaticComplexity="0" nPathComplexity="0" sequenceCoverage="50.00" branchCoverage="0" crapScore="0" isConstructor="false" isStatic="false" isGetter="false" isSetter="false">
              <Summary numSequencePoints="34" visitedSequencePoints="17" numBranchPoints="0" visitedBranchPoints="0" sequenceCoverage="50.00" branchCoverage="0" maxCyclomaticComplexity="0" minCyclomaticComplexity="0" maxCrapScore="0" minCrapScore="0" visitedClasses="0" numClasses="0" visitedMethods="1" numMethods="1" />
              <MetadataToken>100663304</MetadataToken>
              <Name>System.Void CartoonFX.CFXR_Effect::Update()</Name>
              <FileRef uid="8" />
              <SequencePoints>
                <SequencePoint vc="23" uspid="3979" ordinal="0" offset="0" sl="549" sc="3" el="549" ec="3" bec="0" bev="0" fileid="8" />
                <SequencePoint vc="23" uspid="3980" ordinal="0" offset="1" sl="551" sc="4" el="551" ec="4" bec="0" bev="0" fileid="8" />
                <SequencePoint vc="23" uspid="3981" ordinal="0" offset="19" sl="553" sc="4" el="553" ec="4" bec="0" bev="0" fileid="8" />
                <SequencePoint vc="23" uspid="3982" ordinal="0" offset="32" sl="555" sc="4" el="555" ec="4" bec="0" bev="0" fileid="8" />
                <SequencePoint vc="0" uspid="3983" ordinal="0" offset="88" sl="556" sc="4" el="556" ec="4" bec="0" bev="0" fileid="8" />
                <SequencePoint vc="0" uspid="3984" ordinal="0" offset="89" sl="557" sc="5" el="557" ec="5" bec="0" bev="0" fileid="8" />
                <SequencePoint vc="0" uspid="3985" ordinal="0" offset="102" sl="558" sc="4" el="558" ec="4" bec="0" bev="0" fileid="8" />
                <SequencePoint vc="23" uspid="3986" ordinal="0" offset="103" sl="561" sc="4" el="561" ec="4" bec="0" bev="0" fileid="8" />
                <SequencePoint vc="23" uspid="3987" ordinal="0" offset="116" sl="562" sc="4" el="562" ec="4" bec="0" bev="0" fileid="8" />
                <SequencePoint vc="23" uspid="3988" ordinal="0" offset="117" sl="563" sc="5" el="563" ec="5" bec="0" bev="0" fileid="8" />
                <SequencePoint vc="1" uspid="3989" ordinal="0" offset="133" sl="564" sc="5" el="564" ec="5" bec="0" bev="0" fileid="8" />
                <SequencePoint vc="1" uspid="3990" ordinal="0" offset="134" sl="565" sc="6" el="565" ec="6" bec="0" bev="0" fileid="8" />
                <SequencePoint vc="1" uspid="3991" ordinal="0" offset="146" sl="566" sc="5" el="566" ec="5" bec="0" bev="0" fileid="8" />
                <SequencePoint vc="23" uspid="3992" ordinal="0" offset="147" sl="569" sc="5" el="569" ec="5" bec="0" bev="0" fileid="8" />
                <SequencePoint vc="2" uspid="3993" ordinal="0" offset="169" sl="570" sc="5" el="570" ec="5" bec="0" bev="0" fileid="8" />
                <SequencePoint vc="2" uspid="3994" ordinal="0" offset="170" sl="571" sc="6" el="571" ec="6" bec="0" bev="0" fileid="8" />
                <SequencePoint vc="0" uspid="3995" ordinal="0" offset="191" sl="572" sc="6" el="572" ec="6" bec="0" bev="0" fileid="8" />
                <SequencePoint vc="0" uspid="3996" ordinal="0" offset="192" sl="573" sc="7" el="573" ec="7" bec="0" bev="0" fileid="8" />
                <SequencePoint vc="0" uspid="3997" ordinal="0" offset="207" sl="574" sc="7" el="574" ec="7" bec="0" bev="0" fileid="8" />
                <SequencePoint vc="0" uspid="3998" ordinal="0" offset="208" sl="575" sc="8" el="575" ec="8" bec="0" bev="0" fileid="8" />
                <SequencePoint vc="0" uspid="3999" ordinal="0" offset="220" sl="576" sc="7" el="576" ec="7" bec="0" bev="0" fileid="8" />
                <SequencePoint vc="0" uspid="4000" ordinal="0" offset="223" sl="578" sc="7" el="578" ec="7" bec="0" bev="0" fileid="8" />
                <SequencePoint vc="0" uspid="4001" ordinal="0" offset="224" sl="579" sc="8" el="579" ec="8" bec="0" bev="0" fileid="8" />
                <SequencePoint vc="0" uspid="4002" ordinal="0" offset="237" sl="580" sc="7" el="580" ec="7" bec="0" bev="0" fileid="8" />
                <SequencePoint vc="0" uspid="4003" ordinal="0" offset="238" sl="581" sc="6" el="581" ec="6" bec="0" bev="0" fileid="8" />
                <SequencePoint vc="2" uspid="4004" ordinal="0" offset="239" sl="582" sc="5" el="582" ec="5" bec="0" bev="0" fileid="8" />
                <SequencePoint vc="23" uspid="4005" ordinal="0" offset="240" sl="583" sc="4" el="583" ec="4" bec="0" bev="0" fileid="8" />
                <SequencePoint vc="23" uspid="4006" ordinal="0" offset="241" sl="585" sc="4" el="585" ec="4" bec="0" bev="0" fileid="8" />
                <SequencePoint vc="0" uspid="4007" ordinal="0" offset="256" sl="586" sc="4" el="586" ec="4" bec="0" bev="0" fileid="8" />
                <SequencePoint vc="0" uspid="4008" ordinal="0" offset="257" sl="587" sc="5" el="587" ec="5" bec="0" bev="0" fileid="8" />
                <SequencePoint vc="0" uspid="4009" ordinal="0" offset="275" sl="588" sc="5" el="588" ec="5" bec="0" bev="0" fileid="8" />
                <SequencePoint vc="0" uspid="4010" ordinal="0" offset="308" sl="589" sc="5" el="589" ec="5" bec="0" bev="0" fileid="8" />
                <SequencePoint vc="0" uspid="4011" ordinal="0" offset="326" sl="590" sc="4" el="590" ec="4" bec="0" bev="0" fileid="8" />
                <SequencePoint vc="23" uspid="4012" ordinal="0" offset="327" sl="591" sc="3" el="591" ec="3" bec="0" bev="0" fileid="8" />
              </SequencePoints>
              <BranchPoints />
            </Method>
            <Method visited="true" cyclomaticComplexity="0" nPathComplexity="0" sequenceCoverage="100.0" branchCoverage="0" crapScore="0" isConstructor="false" isStatic="false" isGetter="false" isSetter="false">
              <Summary numSequencePoints="20" visitedSequencePoints="20" numBranchPoints="0" visitedBranchPoints="0" sequenceCoverage="100.0" branchCoverage="0" maxCyclomaticComplexity="0" minCyclomaticComplexity="0" maxCrapScore="0" minCrapScore="0" visitedClasses="0" numClasses="0" visitedMethods="1" numMethods="1" />
              <MetadataToken>100663305</MetadataToken>
              <Name>System.Void CartoonFX.CFXR_Effect::Animate(System.Single)</Name>
              <FileRef uid="8" />
              <SequencePoints>
                <SequencePoint vc="23" uspid="4013" ordinal="0" offset="0" sl="596" sc="3" el="596" ec="3" bec="0" bev="0" fileid="8" />
                <SequencePoint vc="23" uspid="4014" ordinal="0" offset="1" sl="598" sc="4" el="598" ec="4" bec="0" bev="0" fileid="8" />
                <SequencePoint vc="23" uspid="4015" ordinal="0" offset="24" sl="599" sc="4" el="599" ec="4" bec="0" bev="0" fileid="8" />
                <SequencePoint vc="23" uspid="4016" ordinal="0" offset="25" sl="600" sc="5" el="600" ec="5" bec="0" bev="0" fileid="8" />
                <SequencePoint vc="23" uspid="4017" ordinal="0" offset="26" sl="600" sc="31" el="600" ec="31" bec="0" bev="0" fileid="8" />
                <SequencePoint vc="23" uspid="4018" ordinal="0" offset="37" sl="600" sc="14" el="600" ec="14" bec="0" bev="0" fileid="8" />
                <SequencePoint vc="23" uspid="4019" ordinal="0" offset="41" sl="601" sc="5" el="601" ec="5" bec="0" bev="0" fileid="8" />
                <SequencePoint vc="23" uspid="4020" ordinal="0" offset="42" sl="602" sc="6" el="602" ec="6" bec="0" bev="0" fileid="8" />
                <SequencePoint vc="23" uspid="4021" ordinal="0" offset="50" sl="603" sc="5" el="603" ec="5" bec="0" bev="0" fileid="8" />
                <SequencePoint vc="46" uspid="4022" ordinal="0" offset="55" sl="600" sc="28" el="600" ec="28" bec="0" bev="0" fileid="8" />
                <SequencePoint vc="23" uspid="4023" ordinal="0" offset="61" sl="604" sc="4" el="604" ec="4" bec="0" bev="0" fileid="8" />
                <SequencePoint vc="23" uspid="4024" ordinal="0" offset="62" sl="608" sc="4" el="608" ec="4" bec="0" bev="0" fileid="8" />
                <SequencePoint vc="23" uspid="4025" ordinal="0" offset="100" sl="609" sc="4" el="609" ec="4" bec="0" bev="0" fileid="8" />
                <SequencePoint vc="23" uspid="4026" ordinal="0" offset="101" sl="611" sc="5" el="611" ec="5" bec="0" bev="0" fileid="8" />
                <SequencePoint vc="4" uspid="4027" ordinal="0" offset="121" sl="612" sc="5" el="612" ec="5" bec="0" bev="0" fileid="8" />
                <SequencePoint vc="4" uspid="4028" ordinal="0" offset="122" sl="613" sc="6" el="613" ec="6" bec="0" bev="0" fileid="8" />
                <SequencePoint vc="4" uspid="4029" ordinal="0" offset="134" sl="614" sc="5" el="614" ec="5" bec="0" bev="0" fileid="8" />
                <SequencePoint vc="23" uspid="4030" ordinal="0" offset="135" sl="616" sc="5" el="616" ec="5" bec="0" bev="0" fileid="8" />
                <SequencePoint vc="23" uspid="4031" ordinal="0" offset="148" sl="617" sc="4" el="617" ec="4" bec="0" bev="0" fileid="8" />
                <SequencePoint vc="23" uspid="4032" ordinal="0" offset="149" sl="619" sc="3" el="619" ec="3" bec="0" bev="0" fileid="8" />
              </SequencePoints>
              <BranchPoints />
            </Method>
            <Method visited="true" cyclomaticComplexity="0" nPathComplexity="0" sequenceCoverage="100.0" branchCoverage="0" crapScore="0" isConstructor="true" isStatic="false" isGetter="false" isSetter="false">
              <Summary numSequencePoints="1" visitedSequencePoints="1" numBranchPoints="0" visitedBranchPoints="0" sequenceCoverage="100.0" branchCoverage="0" maxCyclomaticComplexity="0" minCyclomaticComplexity="0" maxCrapScore="0" minCrapScore="0" visitedClasses="0" numClasses="0" visitedMethods="1" numMethods="1" />
              <MetadataToken>100663312</MetadataToken>
              <Name>CartoonFX.CFXR_Effect::CFXR_Effect()</Name>
              <FileRef uid="8" />
              <SequencePoints>
                <SequencePoint vc="3" uspid="4133" ordinal="0" offset="0" sl="449" sc="3" el="449" ec="3" bec="0" bev="0" fileid="8" />
              </SequencePoints>
              <BranchPoints />
            </Method>
          </Methods>
        </Class>
        <Class>
          <Summary numSequencePoints="152" visitedSequencePoints="119" numBranchPoints="0" visitedBranchPoints="0" sequenceCoverage="78.29" branchCoverage="0.0" maxCyclomaticComplexity="0" minCyclomaticComplexity="0" maxCrapScore="0" minCrapScore="0" visitedClasses="1" numClasses="1" visitedMethods="11" numMethods="11" />
          <FullName>CartoonFX.CFXR_Effect/CameraShake</FullName>
          <Methods>
            <Method visited="true" cyclomaticComplexity="0" nPathComplexity="0" sequenceCoverage="100.0" branchCoverage="0" crapScore="0" isConstructor="false" isStatic="true" isGetter="false" isSetter="false">
              <Summary numSequencePoints="3" visitedSequencePoints="3" numBranchPoints="0" visitedBranchPoints="0" sequenceCoverage="100.0" branchCoverage="0" maxCyclomaticComplexity="0" minCyclomaticComplexity="0" maxCrapScore="0" minCrapScore="0" visitedClasses="0" numClasses="0" visitedMethods="1" numMethods="1" />
              <MetadataToken>100663348</MetadataToken>
              <Name>static System.Void CartoonFX.CFXR_Effect/CameraShake::OnPreRenderCamera_Static_URP(UnityEngine.Rendering.ScriptableRenderContext, UnityEngine.Camera)</Name>
              <FileRef uid="12" />
              <SequencePoints>
                <SequencePoint vc="38" uspid="4708" ordinal="0" offset="0" sl="54" sc="4" el="54" ec="4" bec="0" bev="0" fileid="12" />
                <SequencePoint vc="38" uspid="4709" ordinal="0" offset="1" sl="55" sc="5" el="55" ec="5" bec="0" bev="0" fileid="12" />
                <SequencePoint vc="38" uspid="4710" ordinal="0" offset="8" sl="56" sc="4" el="56" ec="4" bec="0" bev="0" fileid="12" />
              </SequencePoints>
              <BranchPoints />
            </Method>
            <Method visited="true" cyclomaticComplexity="0" nPathComplexity="0" sequenceCoverage="100.0" branchCoverage="0" crapScore="0" isConstructor="false" isStatic="true" isGetter="false" isSetter="false">
              <Summary numSequencePoints="3" visitedSequencePoints="3" numBranchPoints="0" visitedBranchPoints="0" sequenceCoverage="100.0" branchCoverage="0" maxCyclomaticComplexity="0" minCyclomaticComplexity="0" maxCrapScore="0" minCrapScore="0" visitedClasses="0" numClasses="0" visitedMethods="1" numMethods="1" />
              <MetadataToken>100663349</MetadataToken>
              <Name>static System.Void CartoonFX.CFXR_Effect/CameraShake::OnPostRenderCamera_Static_URP(UnityEngine.Rendering.ScriptableRenderContext, UnityEngine.Camera)</Name>
              <FileRef uid="12" />
              <SequencePoints>
                <SequencePoint vc="38" uspid="4711" ordinal="0" offset="0" sl="58" sc="4" el="58" ec="4" bec="0" bev="0" fileid="12" />
                <SequencePoint vc="38" uspid="4712" ordinal="0" offset="1" sl="59" sc="5" el="59" ec="5" bec="0" bev="0" fileid="12" />
                <SequencePoint vc="38" uspid="4713" ordinal="0" offset="8" sl="60" sc="4" el="60" ec="4" bec="0" bev="0" fileid="12" />
              </SequencePoints>
              <BranchPoints />
            </Method>
            <Method visited="true" cyclomaticComplexity="0" nPathComplexity="0" sequenceCoverage="100.0" branchCoverage="0" crapScore="0" isConstructor="false" isStatic="true" isGetter="false" isSetter="false">
              <Summary numSequencePoints="10" visitedSequencePoints="10" numBranchPoints="0" visitedBranchPoints="0" sequenceCoverage="100.0" branchCoverage="0" maxCyclomaticComplexity="0" minCyclomaticComplexity="0" maxCrapScore="0" minCrapScore="0" visitedClasses="0" numClasses="0" visitedMethods="1" numMethods="1" />
              <MetadataToken>100663350</MetadataToken>
              <Name>static System.Void CartoonFX.CFXR_Effect/CameraShake::OnPreRenderCamera_Static(UnityEngine.Camera)</Name>
              <FileRef uid="12" />
              <SequencePoints>
                <SequencePoint vc="38" uspid="4714" ordinal="0" offset="0" sl="64" sc="4" el="64" ec="4" bec="0" bev="0" fileid="12" />
                <SequencePoint vc="38" uspid="4715" ordinal="0" offset="1" sl="65" sc="5" el="65" ec="5" bec="0" bev="0" fileid="12" />
                <SequencePoint vc="38" uspid="4716" ordinal="0" offset="12" sl="66" sc="10" el="66" ec="10" bec="0" bev="0" fileid="12" />
                <SequencePoint vc="38" uspid="4717" ordinal="0" offset="16" sl="67" sc="5" el="67" ec="5" bec="0" bev="0" fileid="12" />
                <SequencePoint vc="38" uspid="4718" ordinal="0" offset="17" sl="68" sc="6" el="68" ec="6" bec="0" bev="0" fileid="12" />
                <SequencePoint vc="38" uspid="4719" ordinal="0" offset="29" sl="69" sc="6" el="69" ec="6" bec="0" bev="0" fileid="12" />
                <SequencePoint vc="38" uspid="4720" ordinal="0" offset="37" sl="70" sc="5" el="70" ec="5" bec="0" bev="0" fileid="12" />
                <SequencePoint vc="38" uspid="4721" ordinal="0" offset="38" sl="66" sc="32" el="66" ec="32" bec="0" bev="0" fileid="12" />
                <SequencePoint vc="76" uspid="4722" ordinal="0" offset="42" sl="66" sc="21" el="66" ec="21" bec="0" bev="0" fileid="12" />
                <SequencePoint vc="38" uspid="4723" ordinal="0" offset="50" sl="71" sc="4" el="71" ec="4" bec="0" bev="0" fileid="12" />
              </SequencePoints>
              <BranchPoints />
            </Method>
            <Method visited="true" cyclomaticComplexity="0" nPathComplexity="0" sequenceCoverage="100.0" branchCoverage="0" crapScore="0" isConstructor="false" isStatic="true" isGetter="false" isSetter="false">
              <Summary numSequencePoints="10" visitedSequencePoints="10" numBranchPoints="0" visitedBranchPoints="0" sequenceCoverage="100.0" branchCoverage="0" maxCyclomaticComplexity="0" minCyclomaticComplexity="0" maxCrapScore="0" minCrapScore="0" visitedClasses="0" numClasses="0" visitedMethods="1" numMethods="1" />
              <MetadataToken>100663351</MetadataToken>
              <Name>static System.Void CartoonFX.CFXR_Effect/CameraShake::OnPostRenderCamera_Static(UnityEngine.Camera)</Name>
              <FileRef uid="12" />
              <SequencePoints>
                <SequencePoint vc="38" uspid="4724" ordinal="0" offset="0" sl="74" sc="4" el="74" ec="4" bec="0" bev="0" fileid="12" />
                <SequencePoint vc="38" uspid="4725" ordinal="0" offset="1" sl="75" sc="5" el="75" ec="5" bec="0" bev="0" fileid="12" />
                <SequencePoint vc="38" uspid="4726" ordinal="0" offset="12" sl="76" sc="10" el="76" ec="10" bec="0" bev="0" fileid="12" />
                <SequencePoint vc="38" uspid="4727" ordinal="0" offset="18" sl="77" sc="5" el="77" ec="5" bec="0" bev="0" fileid="12" />
                <SequencePoint vc="38" uspid="4728" ordinal="0" offset="19" sl="78" sc="6" el="78" ec="6" bec="0" bev="0" fileid="12" />
                <SequencePoint vc="38" uspid="4729" ordinal="0" offset="31" sl="79" sc="6" el="79" ec="6" bec="0" bev="0" fileid="12" />
                <SequencePoint vc="38" uspid="4730" ordinal="0" offset="39" sl="80" sc="5" el="80" ec="5" bec="0" bev="0" fileid="12" />
                <SequencePoint vc="38" uspid="4731" ordinal="0" offset="40" sl="76" sc="35" el="76" ec="35" bec="0" bev="0" fileid="12" />
                <SequencePoint vc="76" uspid="4732" ordinal="0" offset="44" sl="76" sc="27" el="76" ec="27" bec="0" bev="0" fileid="12" />
                <SequencePoint vc="38" uspid="4733" ordinal="0" offset="55" sl="81" sc="4" el="81" ec="4" bec="0" bev="0" fileid="12" />
              </SequencePoints>
              <BranchPoints />
            </Method>
            <Method visited="true" cyclomaticComplexity="0" nPathComplexity="0" sequenceCoverage="75.00" branchCoverage="0" crapScore="0" isConstructor="false" isStatic="true" isGetter="false" isSetter="false">
              <Summary numSequencePoints="16" visitedSequencePoints="12" numBranchPoints="0" visitedBranchPoints="0" sequenceCoverage="75.00" branchCoverage="0" maxCyclomaticComplexity="0" minCyclomaticComplexity="0" maxCrapScore="0" minCrapScore="0" visitedClasses="0" numClasses="0" visitedMethods="1" numMethods="1" />
              <MetadataToken>100663352</MetadataToken>
              <Name>static System.Void CartoonFX.CFXR_Effect/CameraShake::RegisterStaticCallback(CartoonFX.CFXR_Effect/CameraShake)</Name>
              <FileRef uid="12" />
              <SequencePoints>
                <SequencePoint vc="1" uspid="4734" ordinal="0" offset="0" sl="84" sc="4" el="84" ec="4" bec="0" bev="0" fileid="12" />
                <SequencePoint vc="1" uspid="4735" ordinal="0" offset="1" sl="85" sc="5" el="85" ec="5" bec="0" bev="0" fileid="12" />
                <SequencePoint vc="1" uspid="4736" ordinal="0" offset="13" sl="87" sc="5" el="87" ec="5" bec="0" bev="0" fileid="12" />
                <SequencePoint vc="1" uspid="4737" ordinal="0" offset="28" sl="88" sc="5" el="88" ec="5" bec="0" bev="0" fileid="12" />
                <SequencePoint vc="1" uspid="4738" ordinal="0" offset="29" sl="91" sc="6" el="91" ec="6" bec="0" bev="0" fileid="12" />
                <SequencePoint vc="0" uspid="4739" ordinal="0" offset="44" sl="95" sc="6" el="95" ec="6" bec="0" bev="0" fileid="12" />
                <SequencePoint vc="0" uspid="4740" ordinal="0" offset="45" sl="97" sc="7" el="97" ec="7" bec="0" bev="0" fileid="12" />
                <SequencePoint vc="0" uspid="4741" ordinal="0" offset="77" sl="98" sc="7" el="98" ec="7" bec="0" bev="0" fileid="12" />
                <SequencePoint vc="0" uspid="4742" ordinal="0" offset="109" sl="99" sc="6" el="99" ec="6" bec="0" bev="0" fileid="12" />
                <SequencePoint vc="1" uspid="4743" ordinal="0" offset="112" sl="101" sc="6" el="101" ec="6" bec="0" bev="0" fileid="12" />
                <SequencePoint vc="1" uspid="4744" ordinal="0" offset="113" sl="103" sc="7" el="103" ec="7" bec="0" bev="0" fileid="12" />
                <SequencePoint vc="1" uspid="4745" ordinal="0" offset="131" sl="104" sc="7" el="104" ec="7" bec="0" bev="0" fileid="12" />
                <SequencePoint vc="1" uspid="4746" ordinal="0" offset="149" sl="105" sc="6" el="105" ec="6" bec="0" bev="0" fileid="12" />
                <SequencePoint vc="1" uspid="4747" ordinal="0" offset="150" sl="111" sc="6" el="111" ec="6" bec="0" bev="0" fileid="12" />
                <SequencePoint vc="1" uspid="4748" ordinal="0" offset="156" sl="112" sc="5" el="112" ec="5" bec="0" bev="0" fileid="12" />
                <SequencePoint vc="1" uspid="4749" ordinal="0" offset="157" sl="113" sc="4" el="113" ec="4" bec="0" bev="0" fileid="12" />
              </SequencePoints>
              <BranchPoints />
            </Method>
            <Method visited="true" cyclomaticComplexity="0" nPathComplexity="0" sequenceCoverage="82.35" branchCoverage="0" crapScore="0" isConstructor="false" isStatic="false" isGetter="false" isSetter="false">
              <Summary numSequencePoints="17" visitedSequencePoints="14" numBranchPoints="0" visitedBranchPoints="0" sequenceCoverage="82.35" branchCoverage="0" maxCyclomaticComplexity="0" minCyclomaticComplexity="0" maxCrapScore="0" minCrapScore="0" visitedClasses="0" numClasses="0" visitedMethods="1" numMethods="1" />
              <MetadataToken>100663354</MetadataToken>
              <Name>System.Void CartoonFX.CFXR_Effect/CameraShake::onPreRenderCamera(UnityEngine.Camera)</Name>
              <FileRef uid="12" />
              <SequencePoints>
                <SequencePoint vc="38" uspid="4766" ordinal="0" offset="0" sl="150" sc="4" el="150" ec="4" bec="0" bev="0" fileid="12" />
                <SequencePoint vc="38" uspid="4767" ordinal="0" offset="1" sl="153" sc="5" el="153" ec="5" bec="0" bev="0" fileid="12" />
                <SequencePoint vc="1" uspid="4768" ordinal="0" offset="54" sl="154" sc="5" el="154" ec="5" bec="0" bev="0" fileid="12" />
                <SequencePoint vc="1" uspid="4769" ordinal="0" offset="55" sl="155" sc="6" el="155" ec="6" bec="0" bev="0" fileid="12" />
                <SequencePoint vc="1" uspid="4770" ordinal="0" offset="79" sl="156" sc="5" el="156" ec="5" bec="0" bev="0" fileid="12" />
                <SequencePoint vc="38" uspid="4771" ordinal="0" offset="80" sl="159" sc="5" el="159" ec="5" bec="0" bev="0" fileid="12" />
                <SequencePoint vc="38" uspid="4772" ordinal="0" offset="110" sl="160" sc="5" el="160" ec="5" bec="0" bev="0" fileid="12" />
                <SequencePoint vc="38" uspid="4773" ordinal="0" offset="111" sl="161" sc="6" el="161" ec="6" bec="0" bev="0" fileid="12" />
                <SequencePoint vc="38" uspid="4774" ordinal="0" offset="135" sl="163" sc="6" el="163" ec="6" bec="0" bev="0" fileid="12" />
                <SequencePoint vc="0" uspid="4775" ordinal="0" offset="154" sl="163" sc="31" el="163" ec="31" bec="0" bev="0" fileid="12" />
                <SequencePoint vc="38" uspid="4776" ordinal="0" offset="156" sl="165" sc="6" el="165" ec="6" bec="0" bev="0" fileid="12" />
                <SequencePoint vc="38" uspid="4777" ordinal="0" offset="178" sl="167" sc="31" el="167" ec="31" bec="0" bev="0" fileid="12" />
                <SequencePoint vc="38" uspid="4778" ordinal="0" offset="223" sl="167" sc="100" el="167" ec="100" bec="0" bev="0" fileid="12" />
                <SequencePoint vc="0" uspid="4779" ordinal="0" offset="225" sl="168" sc="30" el="168" ec="30" bec="0" bev="0" fileid="12" />
                <SequencePoint vc="0" uspid="4780" ordinal="0" offset="254" sl="168" sc="74" el="168" ec="74" bec="0" bev="0" fileid="12" />
                <SequencePoint vc="38" uspid="4781" ordinal="0" offset="256" sl="170" sc="5" el="170" ec="5" bec="0" bev="0" fileid="12" />
                <SequencePoint vc="38" uspid="4782" ordinal="0" offset="257" sl="171" sc="4" el="171" ec="4" bec="0" bev="0" fileid="12" />
              </SequencePoints>
              <BranchPoints />
            </Method>
            <Method visited="true" cyclomaticComplexity="0" nPathComplexity="0" sequenceCoverage="100.0" branchCoverage="0" crapScore="0" isConstructor="false" isStatic="false" isGetter="false" isSetter="false">
              <Summary numSequencePoints="6" visitedSequencePoints="6" numBranchPoints="0" visitedBranchPoints="0" sequenceCoverage="100.0" branchCoverage="0" maxCyclomaticComplexity="0" minCyclomaticComplexity="0" maxCrapScore="0" minCrapScore="0" visitedClasses="0" numClasses="0" visitedMethods="1" numMethods="1" />
              <MetadataToken>100663355</MetadataToken>
              <Name>System.Void CartoonFX.CFXR_Effect/CameraShake::onPostRenderCamera(UnityEngine.Camera)</Name>
              <FileRef uid="12" />
              <SequencePoints>
                <SequencePoint vc="38" uspid="4783" ordinal="0" offset="0" sl="174" sc="4" el="174" ec="4" bec="0" bev="0" fileid="12" />
                <SequencePoint vc="38" uspid="4784" ordinal="0" offset="1" sl="175" sc="5" el="175" ec="5" bec="0" bev="0" fileid="12" />
                <SequencePoint vc="38" uspid="4785" ordinal="0" offset="17" sl="176" sc="5" el="176" ec="5" bec="0" bev="0" fileid="12" />
                <SequencePoint vc="38" uspid="4786" ordinal="0" offset="18" sl="177" sc="6" el="177" ec="6" bec="0" bev="0" fileid="12" />
                <SequencePoint vc="38" uspid="4787" ordinal="0" offset="42" sl="178" sc="5" el="178" ec="5" bec="0" bev="0" fileid="12" />
                <SequencePoint vc="38" uspid="4788" ordinal="0" offset="43" sl="179" sc="4" el="179" ec="4" bec="0" bev="0" fileid="12" />
              </SequencePoints>
              <BranchPoints />
            </Method>
            <Method visited="true" cyclomaticComplexity="0" nPathComplexity="0" sequenceCoverage="87.10" branchCoverage="0" crapScore="0" isConstructor="false" isStatic="false" isGetter="false" isSetter="false">
              <Summary numSequencePoints="31" visitedSequencePoints="27" numBranchPoints="0" visitedBranchPoints="0" sequenceCoverage="87.10" branchCoverage="0" maxCyclomaticComplexity="0" minCyclomaticComplexity="0" maxCrapScore="0" minCrapScore="0" visitedClasses="0" numClasses="0" visitedMethods="1" numMethods="1" />
              <MetadataToken>100663356</MetadataToken>
              <Name>System.Void CartoonFX.CFXR_Effect/CameraShake::fetchCameras()</Name>
              <FileRef uid="12" />
              <SequencePoints>
                <SequencePoint vc="5" uspid="4789" ordinal="0" offset="0" sl="182" sc="4" el="182" ec="4" bec="0" bev="0" fileid="12" />
                <SequencePoint vc="5" uspid="4790" ordinal="0" offset="1" sl="184" sc="5" el="184" ec="5" bec="0" bev="0" fileid="12" />
                <SequencePoint vc="0" uspid="4791" ordinal="0" offset="13" sl="185" sc="5" el="185" ec="5" bec="0" bev="0" fileid="12" />
                <SequencePoint vc="0" uspid="4792" ordinal="0" offset="14" sl="186" sc="6" el="186" ec="6" bec="0" bev="0" fileid="12" />
                <SequencePoint vc="5" uspid="4793" ordinal="0" offset="19" sl="190" sc="5" el="190" ec="5" bec="0" bev="0" fileid="12" />
                <SequencePoint vc="5" uspid="4794" ordinal="0" offset="20" sl="190" sc="25" el="190" ec="25" bec="0" bev="0" fileid="12" />
                <SequencePoint vc="4" uspid="4795" ordinal="0" offset="34" sl="190" sc="14" el="190" ec="14" bec="0" bev="0" fileid="12" />
                <SequencePoint vc="4" uspid="4796" ordinal="0" offset="42" sl="191" sc="5" el="191" ec="5" bec="0" bev="0" fileid="12" />
                <SequencePoint vc="4" uspid="4797" ordinal="0" offset="43" sl="192" sc="6" el="192" ec="6" bec="0" bev="0" fileid="12" />
                <SequencePoint vc="0" uspid="4798" ordinal="0" offset="54" sl="192" sc="23" el="192" ec="23" bec="0" bev="0" fileid="12" />
                <SequencePoint vc="4" uspid="4799" ordinal="0" offset="56" sl="194" sc="6" el="194" ec="6" bec="0" bev="0" fileid="12" />
                <SequencePoint vc="4" uspid="4800" ordinal="0" offset="69" sl="195" sc="5" el="195" ec="5" bec="0" bev="0" fileid="12" />
                <SequencePoint vc="9" uspid="4801" ordinal="0" offset="70" sl="190" sc="22" el="190" ec="22" bec="0" bev="0" fileid="12" />
                <SequencePoint vc="5" uspid="4802" ordinal="0" offset="96" sl="197" sc="5" el="197" ec="5" bec="0" bev="0" fileid="12" />
                <SequencePoint vc="5" uspid="4803" ordinal="0" offset="108" sl="199" sc="5" el="199" ec="5" bec="0" bev="0" fileid="12" />
                <SequencePoint vc="5" uspid="4804" ordinal="0" offset="136" sl="200" sc="5" el="200" ec="5" bec="0" bev="0" fileid="12" />
                <SequencePoint vc="5" uspid="4805" ordinal="0" offset="137" sl="201" sc="6" el="201" ec="6" bec="0" bev="0" fileid="12" />
                <SequencePoint vc="5" uspid="4806" ordinal="0" offset="154" sl="202" sc="5" el="202" ec="5" bec="0" bev="0" fileid="12" />
                <SequencePoint vc="5" uspid="4807" ordinal="0" offset="155" sl="204" sc="5" el="204" ec="5" bec="0" bev="0" fileid="12" />
                <SequencePoint vc="5" uspid="4808" ordinal="0" offset="156" sl="204" sc="25" el="204" ec="25" bec="0" bev="0" fileid="12" />
                <SequencePoint vc="5" uspid="4809" ordinal="0" offset="171" sl="204" sc="14" el="204" ec="14" bec="0" bev="0" fileid="12" />
                <SequencePoint vc="5" uspid="4810" ordinal="0" offset="180" sl="205" sc="5" el="205" ec="5" bec="0" bev="0" fileid="12" />
                <SequencePoint vc="5" uspid="4811" ordinal="0" offset="181" sl="206" sc="6" el="206" ec="6" bec="0" bev="0" fileid="12" />
                <SequencePoint vc="0" uspid="4812" ordinal="0" offset="195" sl="206" sc="23" el="206" ec="23" bec="0" bev="0" fileid="12" />
                <SequencePoint vc="5" uspid="4813" ordinal="0" offset="197" sl="208" sc="6" el="208" ec="6" bec="0" bev="0" fileid="12" />
                <SequencePoint vc="5" uspid="4814" ordinal="0" offset="219" sl="209" sc="6" el="209" ec="6" bec="0" bev="0" fileid="12" />
                <SequencePoint vc="5" uspid="4815" ordinal="0" offset="220" sl="210" sc="7" el="210" ec="7" bec="0" bev="0" fileid="12" />
                <SequencePoint vc="5" uspid="4816" ordinal="0" offset="239" sl="211" sc="6" el="211" ec="6" bec="0" bev="0" fileid="12" />
                <SequencePoint vc="5" uspid="4817" ordinal="0" offset="240" sl="212" sc="5" el="212" ec="5" bec="0" bev="0" fileid="12" />
                <SequencePoint vc="10" uspid="4818" ordinal="0" offset="241" sl="204" sc="22" el="204" ec="22" bec="0" bev="0" fileid="12" />
                <SequencePoint vc="5" uspid="4819" ordinal="0" offset="267" sl="213" sc="4" el="213" ec="4" bec="0" bev="0" fileid="12" />
              </SequencePoints>
              <BranchPoints />
            </Method>
            <Method visited="true" cyclomaticComplexity="0" nPathComplexity="0" sequenceCoverage="62.50" branchCoverage="0" crapScore="0" isConstructor="false" isStatic="false" isGetter="false" isSetter="false">
              <Summary numSequencePoints="8" visitedSequencePoints="5" numBranchPoints="0" visitedBranchPoints="0" sequenceCoverage="62.50" branchCoverage="0" maxCyclomaticComplexity="0" minCyclomaticComplexity="0" maxCrapScore="0" minCrapScore="0" visitedClasses="0" numClasses="0" visitedMethods="1" numMethods="1" />
              <MetadataToken>100663357</MetadataToken>
              <Name>System.Void CartoonFX.CFXR_Effect/CameraShake::StartShake()</Name>
              <FileRef uid="12" />
              <SequencePoints>
                <SequencePoint vc="1" uspid="4820" ordinal="0" offset="0" sl="216" sc="4" el="216" ec="4" bec="0" bev="0" fileid="12" />
                <SequencePoint vc="1" uspid="4821" ordinal="0" offset="1" sl="217" sc="5" el="217" ec="5" bec="0" bev="0" fileid="12" />
                <SequencePoint vc="0" uspid="4822" ordinal="0" offset="11" sl="218" sc="5" el="218" ec="5" bec="0" bev="0" fileid="12" />
                <SequencePoint vc="0" uspid="4823" ordinal="0" offset="12" sl="219" sc="6" el="219" ec="6" bec="0" bev="0" fileid="12" />
                <SequencePoint vc="0" uspid="4824" ordinal="0" offset="19" sl="220" sc="5" el="220" ec="5" bec="0" bev="0" fileid="12" />
                <SequencePoint vc="1" uspid="4825" ordinal="0" offset="20" sl="222" sc="5" el="222" ec="5" bec="0" bev="0" fileid="12" />
                <SequencePoint vc="1" uspid="4826" ordinal="0" offset="27" sl="223" sc="5" el="223" ec="5" bec="0" bev="0" fileid="12" />
                <SequencePoint vc="1" uspid="4827" ordinal="0" offset="34" sl="224" sc="4" el="224" ec="4" bec="0" bev="0" fileid="12" />
              </SequencePoints>
              <BranchPoints />
            </Method>
            <Method visited="true" cyclomaticComplexity="0" nPathComplexity="0" sequenceCoverage="50.00" branchCoverage="0" crapScore="0" isConstructor="false" isStatic="false" isGetter="false" isSetter="false">
              <Summary numSequencePoints="38" visitedSequencePoints="19" numBranchPoints="0" visitedBranchPoints="0" sequenceCoverage="50.00" branchCoverage="0" maxCyclomaticComplexity="0" minCyclomaticComplexity="0" maxCrapScore="0" minCrapScore="0" visitedClasses="0" numClasses="0" visitedMethods="1" numMethods="1" />
              <MetadataToken>100663359</MetadataToken>
              <Name>System.Void CartoonFX.CFXR_Effect/CameraShake::animate(System.Single)</Name>
              <FileRef uid="12" />
              <SequencePoints>
                <SequencePoint vc="23" uspid="4833" ordinal="0" offset="0" sl="234" sc="4" el="234" ec="4" bec="0" bev="0" fileid="12" />
                <SequencePoint vc="23" uspid="4834" ordinal="0" offset="1" sl="236" sc="5" el="236" ec="5" bec="0" bev="0" fileid="12" />
                <SequencePoint vc="0" uspid="4835" ordinal="0" offset="23" sl="237" sc="5" el="237" ec="5" bec="0" bev="0" fileid="12" />
                <SequencePoint vc="0" uspid="4836" ordinal="0" offset="24" sl="238" sc="6" el="238" ec="6" bec="0" bev="0" fileid="12" />
                <SequencePoint vc="0" uspid="4837" ordinal="0" offset="35" sl="239" sc="6" el="239" ec="6" bec="0" bev="0" fileid="12" />
                <SequencePoint vc="23" uspid="4838" ordinal="0" offset="40" sl="243" sc="5" el="243" ec="5" bec="0" bev="0" fileid="12" />
                <SequencePoint vc="23" uspid="4839" ordinal="0" offset="54" sl="244" sc="5" el="244" ec="5" bec="0" bev="0" fileid="12" />
                <SequencePoint vc="23" uspid="4840" ordinal="0" offset="65" sl="245" sc="5" el="245" ec="5" bec="0" bev="0" fileid="12" />
                <SequencePoint vc="23" uspid="4841" ordinal="0" offset="66" sl="246" sc="6" el="246" ec="6" bec="0" bev="0" fileid="12" />
                <SequencePoint vc="3" uspid="4842" ordinal="0" offset="81" sl="247" sc="6" el="247" ec="6" bec="0" bev="0" fileid="12" />
                <SequencePoint vc="3" uspid="4843" ordinal="0" offset="82" sl="248" sc="7" el="248" ec="7" bec="0" bev="0" fileid="12" />
                <SequencePoint vc="20" uspid="4844" ordinal="0" offset="87" sl="251" sc="6" el="251" ec="6" bec="0" bev="0" fileid="12" />
                <SequencePoint vc="1" uspid="4845" ordinal="0" offset="102" sl="252" sc="6" el="252" ec="6" bec="0" bev="0" fileid="12" />
                <SequencePoint vc="1" uspid="4846" ordinal="0" offset="103" sl="253" sc="7" el="253" ec="7" bec="0" bev="0" fileid="12" />
                <SequencePoint vc="1" uspid="4847" ordinal="0" offset="110" sl="254" sc="6" el="254" ec="6" bec="0" bev="0" fileid="12" />
                <SequencePoint vc="20" uspid="4848" ordinal="0" offset="111" sl="257" sc="6" el="257" ec="6" bec="0" bev="0" fileid="12" />
                <SequencePoint vc="20" uspid="4849" ordinal="0" offset="120" sl="260" sc="6" el="260" ec="6" bec="0" bev="0" fileid="12" />
                <SequencePoint vc="0" uspid="4850" ordinal="0" offset="139" sl="261" sc="6" el="261" ec="6" bec="0" bev="0" fileid="12" />
                <SequencePoint vc="0" uspid="4851" ordinal="0" offset="140" sl="262" sc="7" el="262" ec="7" bec="0" bev="0" fileid="12" />
                <SequencePoint vc="0" uspid="4852" ordinal="0" offset="158" sl="263" sc="7" el="263" ec="7" bec="0" bev="0" fileid="12" />
                <SequencePoint vc="0" uspid="4853" ordinal="0" offset="178" sl="264" sc="7" el="264" ec="7" bec="0" bev="0" fileid="12" />
                <SequencePoint vc="0" uspid="4854" ordinal="0" offset="179" sl="265" sc="8" el="265" ec="8" bec="0" bev="0" fileid="12" />
                <SequencePoint vc="0" uspid="4855" ordinal="0" offset="184" sl="268" sc="7" el="268" ec="7" bec="0" bev="0" fileid="12" />
                <SequencePoint vc="0" uspid="4856" ordinal="0" offset="187" sl="270" sc="8" el="270" ec="8" bec="0" bev="0" fileid="12" />
                <SequencePoint vc="0" uspid="4857" ordinal="0" offset="188" sl="271" sc="9" el="271" ec="9" bec="0" bev="0" fileid="12" />
                <SequencePoint vc="0" uspid="4858" ordinal="0" offset="207" sl="272" sc="8" el="272" ec="8" bec="0" bev="0" fileid="12" />
                <SequencePoint vc="0" uspid="4859" ordinal="0" offset="208" sl="269" sc="8" el="269" ec="8" bec="0" bev="0" fileid="12" />
                <SequencePoint vc="0" uspid="4860" ordinal="0" offset="231" sl="273" sc="7" el="273" ec="7" bec="0" bev="0" fileid="12" />
                <SequencePoint vc="0" uspid="4861" ordinal="0" offset="232" sl="274" sc="6" el="274" ec="6" bec="0" bev="0" fileid="12" />
                <SequencePoint vc="20" uspid="4862" ordinal="0" offset="233" sl="276" sc="6" el="276" ec="6" bec="0" bev="0" fileid="12" />
                <SequencePoint vc="20" uspid="4863" ordinal="0" offset="255" sl="277" sc="6" el="277" ec="6" bec="0" bev="0" fileid="12" />
                <SequencePoint vc="20" uspid="4864" ordinal="0" offset="292" sl="278" sc="6" el="278" ec="6" bec="0" bev="0" fileid="12" />
                <SequencePoint vc="20" uspid="4865" ordinal="0" offset="327" sl="279" sc="5" el="279" ec="5" bec="0" bev="0" fileid="12" />
                <SequencePoint vc="0" uspid="4866" ordinal="0" offset="330" sl="280" sc="10" el="280" ec="10" bec="0" bev="0" fileid="12" />
                <SequencePoint vc="0" uspid="4867" ordinal="0" offset="342" sl="281" sc="5" el="281" ec="5" bec="0" bev="0" fileid="12" />
                <SequencePoint vc="0" uspid="4868" ordinal="0" offset="343" sl="282" sc="6" el="282" ec="6" bec="0" bev="0" fileid="12" />
                <SequencePoint vc="0" uspid="4869" ordinal="0" offset="350" sl="283" sc="5" el="283" ec="5" bec="0" bev="0" fileid="12" />
                <SequencePoint vc="23" uspid="4870" ordinal="0" offset="351" sl="284" sc="4" el="284" ec="4" bec="0" bev="0" fileid="12" />
              </SequencePoints>
              <BranchPoints />
            </Method>
            <Method visited="true" cyclomaticComplexity="0" nPathComplexity="0" sequenceCoverage="100.0" branchCoverage="0" crapScore="0" isConstructor="true" isStatic="false" isGetter="false" isSetter="false">
              <Summary numSequencePoints="10" visitedSequencePoints="10" numBranchPoints="0" visitedBranchPoints="0" sequenceCoverage="100.0" branchCoverage="0" maxCyclomaticComplexity="0" minCyclomaticComplexity="0" maxCrapScore="0" minCrapScore="0" visitedClasses="0" numClasses="0" visitedMethods="1" numMethods="1" />
              <MetadataToken>100663360</MetadataToken>
              <Name>CartoonFX.CFXR_Effect/CameraShake::CameraShake()</Name>
              <FileRef uid="12" />
              <SequencePoints>
                <SequencePoint vc="3" uspid="4871" ordinal="0" offset="0" sl="25" sc="4" el="25" ec="4" bec="0" bev="0" fileid="12" />
                <SequencePoint vc="3" uspid="4872" ordinal="0" offset="7" sl="27" sc="4" el="27" ec="4" bec="0" bev="0" fileid="12" />
                <SequencePoint vc="3" uspid="4873" ordinal="0" offset="14" sl="28" sc="4" el="28" ec="4" bec="0" bev="0" fileid="12" />
                <SequencePoint vc="3" uspid="4874" ordinal="0" offset="25" sl="30" sc="4" el="30" ec="4" bec="0" bev="0" fileid="12" />
                <SequencePoint vc="3" uspid="4875" ordinal="0" offset="36" sl="31" sc="4" el="31" ec="4" bec="0" bev="0" fileid="12" />
                <SequencePoint vc="3" uspid="4876" ordinal="0" offset="47" sl="32" sc="4" el="32" ec="4" bec="0" bev="0" fileid="12" />
                <SequencePoint vc="3" uspid="4877" ordinal="0" offset="54" sl="33" sc="4" el="33" ec="4" bec="0" bev="0" fileid="12" />
                <SequencePoint vc="3" uspid="4878" ordinal="0" offset="80" sl="34" sc="4" el="34" ec="4" bec="0" bev="0" fileid="12" />
                <SequencePoint vc="3" uspid="4879" ordinal="0" offset="111" sl="36" sc="21" el="36" ec="21" bec="0" bev="0" fileid="12" />
                <SequencePoint vc="3" uspid="4880" ordinal="0" offset="122" sl="39" sc="4" el="39" ec="4" bec="0" bev="0" fileid="12" />
              </SequencePoints>
              <BranchPoints />
            </Method>
          </Methods>
        </Class>
        <Class>
          <Summary numSequencePoints="45" visitedSequencePoints="30" numBranchPoints="0" visitedBranchPoints="0" sequenceCoverage="66.67" branchCoverage="0.0" maxCyclomaticComplexity="0" minCyclomaticComplexity="0" maxCrapScore="0" minCrapScore="0" visitedClasses="1" numClasses="1" visitedMethods="2" numMethods="2" />
          <FullName>CartoonFX.CFXR_Effect/AnimatedLight</FullName>
          <Methods>
            <Method visited="true" cyclomaticComplexity="0" nPathComplexity="0" sequenceCoverage="50.00" branchCoverage="0" crapScore="0" isConstructor="false" isStatic="false" isGetter="false" isSetter="false">
              <Summary numSequencePoints="30" visitedSequencePoints="15" numBranchPoints="0" visitedBranchPoints="0" sequenceCoverage="50.00" branchCoverage="0" maxCyclomaticComplexity="0" minCyclomaticComplexity="0" maxCrapScore="0" minCrapScore="0" visitedClasses="0" numClasses="0" visitedMethods="1" numMethods="1" />
              <MetadataToken>100663362</MetadataToken>
              <Name>System.Void CartoonFX.CFXR_Effect/AnimatedLight::animate(System.Single)</Name>
              <FileRef uid="8" />
              <SequencePoints>
                <SequencePoint vc="23" uspid="4883" ordinal="0" offset="0" sl="88" sc="4" el="88" ec="4" bec="0" bev="0" fileid="8" />
                <SequencePoint vc="23" uspid="4884" ordinal="0" offset="1" sl="90" sc="5" el="90" ec="5" bec="0" bev="0" fileid="8" />
                <SequencePoint vc="0" uspid="4885" ordinal="0" offset="23" sl="91" sc="5" el="91" ec="5" bec="0" bev="0" fileid="8" />
                <SequencePoint vc="0" uspid="4886" ordinal="0" offset="24" sl="92" sc="6" el="92" ec="6" bec="0" bev="0" fileid="8" />
                <SequencePoint vc="23" uspid="4887" ordinal="0" offset="29" sl="96" sc="5" el="96" ec="5" bec="0" bev="0" fileid="8" />
                <SequencePoint vc="23" uspid="4888" ordinal="0" offset="48" sl="97" sc="5" el="97" ec="5" bec="0" bev="0" fileid="8" />
                <SequencePoint vc="23" uspid="4889" ordinal="0" offset="49" sl="98" sc="6" el="98" ec="6" bec="0" bev="0" fileid="8" />
                <SequencePoint vc="23" uspid="4890" ordinal="0" offset="62" sl="99" sc="6" el="99" ec="6" bec="0" bev="0" fileid="8" />
                <SequencePoint vc="23" uspid="4891" ordinal="0" offset="63" sl="100" sc="7" el="100" ec="7" bec="0" bev="0" fileid="8" />
                <SequencePoint vc="23" uspid="4892" ordinal="0" offset="107" sl="101" sc="7" el="101" ec="7" bec="0" bev="0" fileid="8" />
                <SequencePoint vc="23" uspid="4893" ordinal="0" offset="152" sl="102" sc="7" el="102" ec="7" bec="0" bev="0" fileid="8" />
                <SequencePoint vc="23" uspid="4894" ordinal="0" offset="182" sl="104" sc="7" el="104" ec="7" bec="0" bev="0" fileid="8" />
                <SequencePoint vc="0" uspid="4895" ordinal="0" offset="208" sl="105" sc="7" el="105" ec="7" bec="0" bev="0" fileid="8" />
                <SequencePoint vc="0" uspid="4896" ordinal="0" offset="209" sl="106" sc="8" el="106" ec="8" bec="0" bev="0" fileid="8" />
                <SequencePoint vc="0" uspid="4897" ordinal="0" offset="241" sl="107" sc="7" el="107" ec="7" bec="0" bev="0" fileid="8" />
                <SequencePoint vc="23" uspid="4898" ordinal="0" offset="242" sl="108" sc="6" el="108" ec="6" bec="0" bev="0" fileid="8" />
                <SequencePoint vc="23" uspid="4899" ordinal="0" offset="243" sl="110" sc="6" el="110" ec="6" bec="0" bev="0" fileid="8" />
                <SequencePoint vc="0" uspid="4900" ordinal="0" offset="255" sl="111" sc="6" el="111" ec="6" bec="0" bev="0" fileid="8" />
                <SequencePoint vc="0" uspid="4901" ordinal="0" offset="256" sl="112" sc="7" el="112" ec="7" bec="0" bev="0" fileid="8" />
                <SequencePoint vc="0" uspid="4902" ordinal="0" offset="301" sl="113" sc="7" el="113" ec="7" bec="0" bev="0" fileid="8" />
                <SequencePoint vc="0" uspid="4903" ordinal="0" offset="348" sl="114" sc="7" el="114" ec="7" bec="0" bev="0" fileid="8" />
                <SequencePoint vc="0" uspid="4904" ordinal="0" offset="379" sl="115" sc="6" el="115" ec="6" bec="0" bev="0" fileid="8" />
                <SequencePoint vc="23" uspid="4905" ordinal="0" offset="380" sl="117" sc="6" el="117" ec="6" bec="0" bev="0" fileid="8" />
                <SequencePoint vc="0" uspid="4906" ordinal="0" offset="392" sl="118" sc="6" el="118" ec="6" bec="0" bev="0" fileid="8" />
                <SequencePoint vc="0" uspid="4907" ordinal="0" offset="393" sl="119" sc="7" el="119" ec="7" bec="0" bev="0" fileid="8" />
                <SequencePoint vc="0" uspid="4908" ordinal="0" offset="438" sl="120" sc="7" el="120" ec="7" bec="0" bev="0" fileid="8" />
                <SequencePoint vc="0" uspid="4909" ordinal="0" offset="485" sl="121" sc="7" el="121" ec="7" bec="0" bev="0" fileid="8" />
                <SequencePoint vc="0" uspid="4910" ordinal="0" offset="510" sl="122" sc="6" el="122" ec="6" bec="0" bev="0" fileid="8" />
                <SequencePoint vc="23" uspid="4911" ordinal="0" offset="511" sl="123" sc="5" el="123" ec="5" bec="0" bev="0" fileid="8" />
                <SequencePoint vc="23" uspid="4912" ordinal="0" offset="512" sl="124" sc="4" el="124" ec="4" bec="0" bev="0" fileid="8" />
              </SequencePoints>
              <BranchPoints />
            </Method>
            <Method visited="true" cyclomaticComplexity="0" nPathComplexity="0" sequenceCoverage="100.0" branchCoverage="0" crapScore="0" isConstructor="true" isStatic="false" isGetter="false" isSetter="false">
              <Summary numSequencePoints="15" visitedSequencePoints="15" numBranchPoints="0" visitedBranchPoints="0" sequenceCoverage="100.0" branchCoverage="0" maxCyclomaticComplexity="0" minCyclomaticComplexity="0" maxCrapScore="0" minCrapScore="0" visitedClasses="0" numClasses="0" visitedMethods="1" numMethods="1" />
              <MetadataToken>100663365</MetadataToken>
              <Name>CartoonFX.CFXR_Effect/AnimatedLight::AnimatedLight()</Name>
              <FileRef uid="8" />
              <SequencePoints>
                <SequencePoint vc="3" uspid="4936" ordinal="0" offset="0" sl="61" sc="4" el="61" ec="4" bec="0" bev="0" fileid="8" />
                <SequencePoint vc="3" uspid="4937" ordinal="0" offset="11" sl="62" sc="4" el="62" ec="4" bec="0" bev="0" fileid="8" />
                <SequencePoint vc="3" uspid="4938" ordinal="0" offset="22" sl="63" sc="4" el="63" ec="4" bec="0" bev="0" fileid="8" />
                <SequencePoint vc="3" uspid="4939" ordinal="0" offset="33" sl="64" sc="4" el="64" ec="4" bec="0" bev="0" fileid="8" />
                <SequencePoint vc="3" uspid="4940" ordinal="0" offset="64" sl="66" sc="4" el="66" ec="4" bec="0" bev="0" fileid="8" />
                <SequencePoint vc="3" uspid="4941" ordinal="0" offset="75" sl="68" sc="4" el="68" ec="4" bec="0" bev="0" fileid="8" />
                <SequencePoint vc="3" uspid="4942" ordinal="0" offset="86" sl="70" sc="4" el="70" ec="4" bec="0" bev="0" fileid="8" />
                <SequencePoint vc="3" uspid="4943" ordinal="0" offset="97" sl="73" sc="4" el="73" ec="4" bec="0" bev="0" fileid="8" />
                <SequencePoint vc="3" uspid="4944" ordinal="0" offset="108" sl="74" sc="4" el="74" ec="4" bec="0" bev="0" fileid="8" />
                <SequencePoint vc="3" uspid="4945" ordinal="0" offset="119" sl="75" sc="4" el="75" ec="4" bec="0" bev="0" fileid="8" />
                <SequencePoint vc="3" uspid="4946" ordinal="0" offset="130" sl="76" sc="4" el="76" ec="4" bec="0" bev="0" fileid="8" />
                <SequencePoint vc="3" uspid="4947" ordinal="0" offset="161" sl="78" sc="4" el="78" ec="4" bec="0" bev="0" fileid="8" />
                <SequencePoint vc="3" uspid="4948" ordinal="0" offset="172" sl="82" sc="4" el="82" ec="4" bec="0" bev="0" fileid="8" />
                <SequencePoint vc="3" uspid="4949" ordinal="0" offset="183" sl="83" sc="4" el="83" ec="4" bec="0" bev="0" fileid="8" />
                <SequencePoint vc="3" uspid="4950" ordinal="0" offset="214" sl="85" sc="4" el="85" ec="4" bec="0" bev="0" fileid="8" />
              </SequencePoints>
              <BranchPoints />
            </Method>
          </Methods>
        </Class>
      </Classes>
    </Module>
    <Module>
      <Summary numSequencePoints="59" visitedSequencePoints="59" numBranchPoints="0" visitedBranchPoints="0" sequenceCoverage="100.0" branchCoverage="0.0" maxCyclomaticComplexity="0" minCyclomaticComplexity="0" maxCrapScore="0" minCrapScore="0" visitedClasses="4" numClasses="4" visitedMethods="4" numMethods="4" />
      <ModuleTime>0001-01-01T00:00:00</ModuleTime>
      <ModuleName>PlayMode</ModuleName>
      <Files>
        <File uid="14" fullPath="/Users/rima/UnityProjects/FruitBasket/Assets/PlayMode/PlayModeTests.cs" />
      </Files>
      <Classes>
        <Class>
          <Summary numSequencePoints="29" visitedSequencePoints="29" numBranchPoints="0" visitedBranchPoints="0" sequenceCoverage="100.0" branchCoverage="0.0" maxCyclomaticComplexity="0" minCyclomaticComplexity="0" maxCrapScore="0" minCrapScore="0" visitedClasses="1" numClasses="1" visitedMethods="1" numMethods="1" />
          <FullName>PlayModeTests/&lt;MainScene_LoadsCorrectly_AndComponentsExist&gt;d__3</FullName>
          <Methods>
            <Method visited="true" cyclomaticComplexity="0" nPathComplexity="0" sequenceCoverage="100.0" branchCoverage="0" crapScore="0" isConstructor="false" isStatic="false" isGetter="false" isSetter="false">
              <Summary numSequencePoints="29" visitedSequencePoints="29" numBranchPoints="0" visitedBranchPoints="0" sequenceCoverage="100.0" branchCoverage="0" maxCyclomaticComplexity="0" minCyclomaticComplexity="0" maxCrapScore="0" minCrapScore="0" visitedClasses="0" numClasses="0" visitedMethods="1" numMethods="1" />
              <MetadataToken>100663306</MetadataToken>
              <Name>System.Boolean PlayModeTests/&lt;MainScene_LoadsCorrectly_AndComponentsExist&gt;d__3::MoveNext()</Name>
              <FileRef uid="14" />
              <SequencePoints>
                <SequencePoint vc="1" uspid="5187" ordinal="0" offset="45" sl="72" sc="5" el="72" ec="5" bec="0" bev="0" fileid="14" />
                <SequencePoint vc="1" uspid="5188" ordinal="0" offset="46" sl="74" sc="9" el="74" ec="9" bec="0" bev="0" fileid="14" />
                <SequencePoint vc="3" uspid="5189" ordinal="0" offset="65" sl="77" sc="9" el="77" ec="9" bec="0" bev="0" fileid="14" />
                <SequencePoint vc="3" uspid="5190" ordinal="0" offset="66" sl="78" sc="13" el="78" ec="13" bec="0" bev="0" fileid="14" />
                <SequencePoint vc="3" uspid="5191" ordinal="0" offset="89" sl="79" sc="9" el="79" ec="9" bec="0" bev="0" fileid="14" />
                <SequencePoint vc="4" uspid="5192" ordinal="0" offset="90" sl="76" sc="9" el="76" ec="9" bec="0" bev="0" fileid="14" />
                <SequencePoint vc="1" uspid="5193" ordinal="0" offset="108" sl="81" sc="9" el="81" ec="9" bec="0" bev="0" fileid="14" />
                <SequencePoint vc="1" uspid="5194" ordinal="0" offset="124" sl="82" sc="9" el="82" ec="9" bec="0" bev="0" fileid="14" />
                <SequencePoint vc="1" uspid="5195" ordinal="0" offset="146" sl="84" sc="9" el="84" ec="9" bec="0" bev="0" fileid="14" />
                <SequencePoint vc="1" uspid="5196" ordinal="0" offset="163" sl="85" sc="9" el="85" ec="9" bec="0" bev="0" fileid="14" />
                <SequencePoint vc="1" uspid="5197" ordinal="0" offset="185" sl="87" sc="9" el="87" ec="9" bec="0" bev="0" fileid="14" />
                <SequencePoint vc="1" uspid="5198" ordinal="0" offset="201" sl="88" sc="9" el="88" ec="9" bec="0" bev="0" fileid="14" />
                <SequencePoint vc="1" uspid="5199" ordinal="0" offset="223" sl="90" sc="9" el="90" ec="9" bec="0" bev="0" fileid="14" />
                <SequencePoint vc="1" uspid="5200" ordinal="0" offset="240" sl="91" sc="9" el="91" ec="9" bec="0" bev="0" fileid="14" />
                <SequencePoint vc="1" uspid="5201" ordinal="0" offset="262" sl="94" sc="9" el="94" ec="9" bec="0" bev="0" fileid="14" />
                <SequencePoint vc="1" uspid="5202" ordinal="0" offset="278" sl="95" sc="9" el="95" ec="9" bec="0" bev="0" fileid="14" />
                <SequencePoint vc="1" uspid="5203" ordinal="0" offset="300" sl="97" sc="9" el="97" ec="9" bec="0" bev="0" fileid="14" />
                <SequencePoint vc="1" uspid="5204" ordinal="0" offset="317" sl="98" sc="9" el="98" ec="9" bec="0" bev="0" fileid="14" />
                <SequencePoint vc="1" uspid="5205" ordinal="0" offset="339" sl="100" sc="9" el="100" ec="9" bec="0" bev="0" fileid="14" />
                <SequencePoint vc="1" uspid="5206" ordinal="0" offset="366" sl="103" sc="9" el="103" ec="9" bec="0" bev="0" fileid="14" />
                <SequencePoint vc="1" uspid="5207" ordinal="0" offset="378" sl="105" sc="9" el="105" ec="9" bec="0" bev="0" fileid="14" />
                <SequencePoint vc="1" uspid="5208" ordinal="0" offset="410" sl="107" sc="9" el="107" ec="9" bec="0" bev="0" fileid="14" />
                <SequencePoint vc="1" uspid="5209" ordinal="0" offset="421" sl="108" sc="9" el="108" ec="9" bec="0" bev="0" fileid="14" />
                <SequencePoint vc="1" uspid="5210" ordinal="0" offset="443" sl="110" sc="9" el="110" ec="9" bec="0" bev="0" fileid="14" />
                <SequencePoint vc="1" uspid="5211" ordinal="0" offset="460" sl="111" sc="9" el="111" ec="9" bec="0" bev="0" fileid="14" />
                <SequencePoint vc="1" uspid="5212" ordinal="0" offset="482" sl="112" sc="9" el="112" ec="9" bec="0" bev="0" fileid="14" />
                <SequencePoint vc="1" uspid="5213" ordinal="0" offset="509" sl="113" sc="9" el="113" ec="9" bec="0" bev="0" fileid="14" />
                <SequencePoint vc="1" uspid="5214" ordinal="0" offset="536" sl="115" sc="9" el="115" ec="9" bec="0" bev="0" fileid="14" />
                <SequencePoint vc="1" uspid="5215" ordinal="0" offset="568" sl="116" sc="5" el="116" ec="5" bec="0" bev="0" fileid="14" />
              </SequencePoints>
              <BranchPoints />
            </Method>
          </Methods>
        </Class>
        <Class>
[...]
            </Method>
            <Method visited="true" cyclomaticComplexity="0" nPathComplexity="0" sequenceCoverage="100.0" branchCoverage="0" crapScore="0" isConstructor="false" isStatic="false" isGetter="false" isSetter="false">
              <Summary numSequencePoints="3" visitedSequencePoints="3" numBranchPoints="0" visitedBranchPoints="0" sequenceCoverage="100.0" branchCoverage="0" maxCyclomaticComplexity="0" minCyclomaticComplexity="0" maxCrapScore="0" minCrapScore="0" visitedClasses="0" numClasses="0" visitedMethods="1" numMethods="1" />
              <MetadataToken>100663315</MetadataToken>
              <Name>System.Void ScoreService::AddPoints(System.Int32)</Name>
              <FileRef uid="18" />
              <SequencePoints>
                <SequencePoint vc="1" uspid="5334" ordinal="0" offset="0" sl="7" sc="5" el="7" ec="5" bec="0" bev="0" fileid="18" />
                <SequencePoint vc="1" uspid="5335" ordinal="0" offset="1" sl="9" sc="9" el="9" ec="9" bec="0" bev="0" fileid="18" />
                <SequencePoint vc="1" uspid="5336" ordinal="0" offset="16" sl="10" sc="5" el="10" ec="5" bec="0" bev="0" fileid="18" />
              </SequencePoints>
              <BranchPoints />
            </Method>
          </Methods>
        </Class>
        <Class>
          <Summary numSequencePoints="12" visitedSequencePoints="7" numBranchPoints="0" visitedBranchPoints="0" sequenceCoverage="58.33" branchCoverage="0.0" maxCyclomaticComplexity="0" minCyclomaticComplexity="0" maxCrapScore="0" minCrapScore="0" visitedClasses="1" numClasses="1" visitedMethods="2" numMethods="2" />
          <FullName>ScoreUIView</FullName>
          <Methods>
            <Method visited="true" cyclomaticComplexity="0" nPathComplexity="0" sequenceCoverage="42.86" branchCoverage="0" crapScore="0" isConstructor="false" isStatic="false" isGetter="false" isSetter="false">
              <Summary numSequencePoints="7" visitedSequencePoints="3" numBranchPoints="0" visitedBranchPoints="0" sequenceCoverage="42.86" branchCoverage="0" maxCyclomaticComplexity="0" minCyclomaticComplexity="0" maxCrapScore="0" minCrapScore="0" visitedClasses="0" numClasses="0" visitedMethods="1" numMethods="1" />
              <MetadataToken>100663318</MetadataToken>
              <Name>System.Void ScoreUIView::Awake()</Name>
              <FileRef uid="19" />
              <SequencePoints>
                <SequencePoint vc="1" uspid="5340" ordinal="0" offset="0" sl="9" sc="5" el="9" ec="5" bec="0" bev="0" fileid="19" />
                <SequencePoint vc="1" uspid="5341" ordinal="0" offset="1" sl="10" sc="9" el="10" ec="9" bec="0" bev="0" fileid="19" />
                <SequencePoint vc="0" uspid="5342" ordinal="0" offset="17" sl="11" sc="9" el="11" ec="9" bec="0" bev="0" fileid="19" />
                <SequencePoint vc="0" uspid="5343" ordinal="0" offset="18" sl="12" sc="13" el="12" ec="13" bec="0" bev="0" fileid="19" />
                <SequencePoint vc="0" uspid="5344" ordinal="0" offset="29" sl="13" sc="13" el="13" ec="13" bec="0" bev="0" fileid="19" />
                <SequencePoint vc="0" uspid="5345" ordinal="0" offset="37" sl="14" sc="9" el="14" ec="9" bec="0" bev="0" fileid="19" />
                <SequencePoint vc="1" uspid="5346" ordinal="0" offset="38" sl="15" sc="5" el="15" ec="5" bec="0" bev="0" fileid="19" />
              </SequencePoints>
              <BranchPoints />
            </Method>
            <Method visited="true" cyclomaticComplexity="0" nPathComplexity="0" sequenceCoverage="80.00" branchCoverage="0" crapScore="0" isConstructor="false" isStatic="false" isGetter="false" isSetter="false">
              <Summary numSequencePoints="5" visitedSequencePoints="4" numBranchPoints="0" visitedBranchPoints="0" sequenceCoverage="80.00" branchCoverage="0" maxCyclomaticComplexity="0" minCyclomaticComplexity="0" maxCrapScore="0" minCrapScore="0" visitedClasses="0" numClasses="0" visitedMethods="1" numMethods="1" />
              <MetadataToken>100663319</MetadataToken>
              <Name>System.Void ScoreUIView::DisplayScore(System.Int32)</Name>
              <FileRef uid="19" />
              <SequencePoints>
                <SequencePoint vc="1" uspid="5347" ordinal="0" offset="0" sl="18" sc="5" el="18" ec="5" bec="0" bev="0" fileid="19" />
                <SequencePoint vc="1" uspid="5348" ordinal="0" offset="1" sl="19" sc="9" el="19" ec="9" bec="0" bev="0" fileid="19" />
                <SequencePoint vc="0" uspid="5349" ordinal="0" offset="14" sl="20" sc="13" el="20" ec="13" bec="0" bev="0" fileid="19" />
                <SequencePoint vc="1" uspid="5350" ordinal="0" offset="16" sl="21" sc="9" el="21" ec="9" bec="0" bev="0" fileid="19" />
                <SequencePoint vc="1" uspid="5351" ordinal="0" offset="44" sl="22" sc="5" el="22" ec="5" bec="0" bev="0" fileid="19" />
              </SequencePoints>
              <BranchPoints />
            </Method>
          </Methods>
        </Class>
        <Class>
          <Summary numSequencePoints="45" visitedSequencePoints="27" numBranchPoints="0" visitedBranchPoints="0" sequenceCoverage="60.00" branchCoverage="0.0" maxCyclomaticComplexity="0" minCyclomaticComplexity="0" maxCrapScore="0" minCrapScore="0" visitedClasses="1" numClasses="1" visitedMethods="3" numMethods="3" />
          <FullName>Target</FullName>
          <Methods>
            <Method visited="true" cyclomaticComplexity="0" nPathComplexity="0" sequenceCoverage="40.00" branchCoverage="0" crapScore="0" isConstructor="false" isStatic="false" isGetter="false" isSetter="false">
              <Summary numSequencePoints="20" visitedSequencePoints="8" numBranchPoints="0" visitedBranchPoints="0" sequenceCoverage="40.00" branchCoverage="0" maxCyclomaticComplexity="0" minCyclomaticComplexity="0" maxCrapScore="0" minCrapScore="0" visitedClasses="0" numClasses="0" visitedMethods="1" numMethods="1" />
              <MetadataToken>100663321</MetadataToken>
              <Name>System.Void Target::Awake()</Name>
              <FileRef uid="20" />
              <SequencePoints>
                <SequencePoint vc="3" uspid="5352" ordinal="0" offset="0" sl="14" sc="5" el="14" ec="5" bec="0" bev="0" fileid="20" />
                <SequencePoint vc="3" uspid="5353" ordinal="0" offset="1" sl="15" sc="9" el="15" ec="9" bec="0" bev="0" fileid="20" />
                <SequencePoint vc="3" uspid="5354" ordinal="0" offset="12" sl="16" sc="9" el="16" ec="9" bec="0" bev="0" fileid="20" />
                <SequencePoint vc="0" uspid="5355" ordinal="0" offset="23" sl="17" sc="9" el="17" ec="9" bec="0" bev="0" fileid="20" />
                <SequencePoint vc="0" uspid="5356" ordinal="0" offset="24" sl="18" sc="13" el="18" ec="13" bec="0" bev="0" fileid="20" />
                <SequencePoint vc="0" uspid="5357" ordinal="0" offset="32" sl="19" sc="13" el="19" ec="13" bec="0" bev="0" fileid="20" />
                <SequencePoint vc="0" uspid="5358" ordinal="0" offset="43" sl="20" sc="13" el="20" ec="13" bec="0" bev="0" fileid="20" />
                <SequencePoint vc="3" uspid="5359" ordinal="0" offset="45" sl="22" sc="9" el="22" ec="9" bec="0" bev="0" fileid="20" />
                <SequencePoint vc="3" uspid="5360" ordinal="0" offset="57" sl="23" sc="9" el="23" ec="9" bec="0" bev="0" fileid="20" />
                <SequencePoint vc="0" uspid="5361" ordinal="0" offset="73" sl="24" sc="9" el="24" ec="9" bec="0" bev="0" fileid="20" />
                <SequencePoint vc="0" uspid="5362" ordinal="0" offset="74" sl="25" sc="13" el="25" ec="13" bec="0" bev="0" fileid="20" />
                <SequencePoint vc="0" uspid="5363" ordinal="0" offset="82" sl="26" sc="13" el="26" ec="13" bec="0" bev="0" fileid="20" />
                <SequencePoint vc="0" uspid="5364" ordinal="0" offset="93" sl="27" sc="9" el="27" ec="9" bec="0" bev="0" fileid="20" />
                <SequencePoint vc="3" uspid="5365" ordinal="0" offset="94" sl="28" sc="9" el="28" ec="9" bec="0" bev="0" fileid="20" />
                <SequencePoint vc="3" uspid="5366" ordinal="0" offset="106" sl="29" sc="9" el="29" ec="9" bec="0" bev="0" fileid="20" />
                <SequencePoint vc="0" uspid="5367" ordinal="0" offset="122" sl="30" sc="9" el="30" ec="9" bec="0" bev="0" fileid="20" />
                <SequencePoint vc="0" uspid="5368" ordinal="0" offset="123" sl="31" sc="13" el="31" ec="13" bec="0" bev="0" fileid="20" />
                <SequencePoint vc="0" uspid="5369" ordinal="0" offset="131" sl="32" sc="13" el="32" ec="13" bec="0" bev="0" fileid="20" />
                <SequencePoint vc="0" uspid="5370" ordinal="0" offset="158" sl="33" sc="9" el="33" ec="9" bec="0" bev="0" fileid="20" />
                <SequencePoint vc="3" uspid="5371" ordinal="0" offset="159" sl="34" sc="5" el="34" ec="5" bec="0" bev="0" fileid="20" />
              </SequencePoints>
              <BranchPoints />
            </Method>
            <Method visited="true" cyclomaticComplexity="0" nPathComplexity="0" sequenceCoverage="50.00" branchCoverage="0" crapScore="0" isConstructor="false" isStatic="false" isGetter="false" isSetter="false">
              <Summary numSequencePoints="6" visitedSequencePoints="3" numBranchPoints="0" visitedBranchPoints="0" sequenceCoverage="50.00" branchCoverage="0" maxCyclomaticComplexity="0" minCyclomaticComplexity="0" maxCrapScore="0" minCrapScore="0" visitedClasses="0" numClasses="0" visitedMethods="1" numMethods="1" />
              <MetadataToken>100663322</MetadataToken>
              <Name>System.Void Target::Update()</Name>
              <FileRef uid="20" />
              <SequencePoints>
                <SequencePoint vc="385" uspid="5372" ordinal="0" offset="0" sl="36" sc="5" el="36" ec="5" bec="0" bev="0" fileid="20" />
                <SequencePoint vc="385" uspid="5373" ordinal="0" offset="1" sl="37" sc="9" el="37" ec="9" bec="0" bev="0" fileid="20" />
                <SequencePoint vc="0" uspid="5374" ordinal="0" offset="19" sl="38" sc="9" el="38" ec="9" bec="0" bev="0" fileid="20" />
                <SequencePoint vc="0" uspid="5375" ordinal="0" offset="20" sl="39" sc="13" el="39" ec="13" bec="0" bev="0" fileid="20" />
                <SequencePoint vc="0" uspid="5376" ordinal="0" offset="32" sl="40" sc="9" el="40" ec="9" bec="0" bev="0" fileid="20" />
                <SequencePoint vc="385" uspid="5377" ordinal="0" offset="33" sl="41" sc="5" el="41" ec="5" bec="0" bev="0" fileid="20" />
              </SequencePoints>
              <BranchPoints />
            </Method>
            <Method visited="true" cyclomaticComplexity="0" nPathComplexity="0" sequenceCoverage="84.21" branchCoverage="0" crapScore="0" isConstructor="false" isStatic="false" isGetter="false" isSetter="false">
              <Summary numSequencePoints="19" visitedSequencePoints="16" numBranchPoints="0" visitedBranchPoints="0" sequenceCoverage="84.21" branchCoverage="0" maxCyclomaticComplexity="0" minCyclomaticComplexity="0" maxCrapScore="0" minCrapScore="0" visitedClasses="0" numClasses="0" visitedMethods="1" numMethods="1" />
              <MetadataToken>100663323</MetadataToken>
              <Name>System.Void Target::OnTriggerEnter(UnityEngine.Collider)</Name>
              <FileRef uid="20" />
              <SequencePoints>
                <SequencePoint vc="1" uspid="5378" ordinal="0" offset="0" sl="44" sc="5" el="44" ec="5" bec="0" bev="0" fileid="20" />
                <SequencePoint vc="1" uspid="5379" ordinal="0" offset="1" sl="45" sc="9" el="45" ec="9" bec="0" bev="0" fileid="20" />
                <SequencePoint vc="1" uspid="5380" ordinal="0" offset="19" sl="46" sc="9" el="46" ec="9" bec="0" bev="0" fileid="20" />
                <SequencePoint vc="1" uspid="5381" ordinal="0" offset="20" sl="47" sc="13" el="47" ec="13" bec="0" bev="0" fileid="20" />
                <SequencePoint vc="1" uspid="5382" ordinal="0" offset="36" sl="48" sc="13" el="48" ec="13" bec="0" bev="0" fileid="20" />
                <SequencePoint vc="1" uspid="5383" ordinal="0" offset="37" sl="49" sc="17" el="49" ec="17" bec="0" bev="0" fileid="20" />
                <SequencePoint vc="1" uspid="5384" ordinal="0" offset="65" sl="50" sc="13" el="50" ec="13" bec="0" bev="0" fileid="20" />
                <SequencePoint vc="1" uspid="5385" ordinal="0" offset="66" sl="51" sc="13" el="51" ec="13" bec="0" bev="0" fileid="20" />
                <SequencePoint vc="1" uspid="5386" ordinal="0" offset="82" sl="52" sc="13" el="52" ec="13" bec="0" bev="0" fileid="20" />
                <SequencePoint vc="1" uspid="5387" ordinal="0" offset="83" sl="53" sc="17" el="53" ec="17" bec="0" bev="0" fileid="20" />
                <SequencePoint vc="1" uspid="5388" ordinal="0" offset="117" sl="54" sc="13" el="54" ec="13" bec="0" bev="0" fileid="20" />
                <SequencePoint vc="1" uspid="5389" ordinal="0" offset="118" sl="55" sc="13" el="55" ec="13" bec="0" bev="0" fileid="20" />
                <SequencePoint vc="1" uspid="5390" ordinal="0" offset="136" sl="56" sc="13" el="56" ec="13" bec="0" bev="0" fileid="20" />
                <SequencePoint vc="1" uspid="5391" ordinal="0" offset="148" sl="58" sc="9" el="58" ec="9" bec="0" bev="0" fileid="20" />
                <SequencePoint vc="1" uspid="5392" ordinal="0" offset="149" sl="59" sc="9" el="59" ec="9" bec="0" bev="0" fileid="20" />
                <SequencePoint vc="0" uspid="5393" ordinal="0" offset="164" sl="60" sc="9" el="60" ec="9" bec="0" bev="0" fileid="20" />
                <SequencePoint vc="0" uspid="5394" ordinal="0" offset="165" sl="61" sc="13" el="61" ec="13" bec="0" bev="0" fileid="20" />
                <SequencePoint vc="0" uspid="5395" ordinal="0" offset="177" sl="62" sc="9" el="62" ec="9" bec="0" bev="0" fileid="20" />
                <SequencePoint vc="1" uspid="5396" ordinal="0" offset="178" sl="63" sc="5" el="63" ec="5" bec="0" bev="0" fileid="20" />
              </SequencePoints>
              <BranchPoints />
            </Method>
          </Methods>
        </Class>
        <Class>
          <Summary numSequencePoints="11" visitedSequencePoints="4" numBranchPoints="0" visitedBranchPoints="0" sequenceCoverage="36.36" branchCoverage="0.0" maxCyclomaticComplexity="0" minCyclomaticComplexity="0" maxCrapScore="0" minCrapScore="0" visitedClasses="1" numClasses="1" visitedMethods="1" numMethods="1" />
          <FullName>GameManager/&lt;IncreaseDifficultyRoutine&gt;d__26</FullName>
          <Methods>
            <Method visited="true" cyclomaticComplexity="0" nPathComplexity="0" sequenceCoverage="36.36" branchCoverage="0" crapScore="0" isConstructor="false" isStatic="false" isGetter="false" isSetter="false">
              <Summary numSequencePoints="11" visitedSequencePoints="4" numBranchPoints="0" visitedBranchPoints="0" sequenceCoverage="36.36" branchCoverage="0" maxCyclomaticComplexity="0" minCyclomaticComplexity="0" maxCrapScore="0" minCrapScore="0" visitedClasses="0" numClasses="0" visitedMethods="1" numMethods="1" />
              <MetadataToken>100663329</MetadataToken>
              <Name>System.Boolean GameManager/&lt;IncreaseDifficultyRoutine&gt;d__26::MoveNext()</Name>
              <FileRef uid="15" />
              <SequencePoints>
                <SequencePoint vc="1" uspid="5397" ordinal="0" offset="31" sl="105" sc="5" el="105" ec="5" bec="0" bev="0" fileid="15" />
                <SequencePoint vc="1" uspid="5398" ordinal="0" offset="34" sl="107" sc="9" el="107" ec="9" bec="0" bev="0" fileid="15" />
                <SequencePoint vc="1" uspid="5399" ordinal="0" offset="35" sl="108" sc="13" el="108" ec="13" bec="0" bev="0" fileid="15" />
                <SequencePoint vc="0" uspid="5400" ordinal="0" offset="73" sl="109" sc="13" el="109" ec="13" bec="0" bev="0" fileid="15" />
                <SequencePoint vc="0" uspid="5401" ordinal="0" offset="100" sl="110" sc="13" el="110" ec="13" bec="0" bev="0" fileid="15" />
                <SequencePoint vc="0" uspid="5402" ordinal="0" offset="122" sl="111" sc="13" el="111" ec="13" bec="0" bev="0" fileid="15" />
                <SequencePoint vc="0" uspid="5403" ordinal="0" offset="123" sl="112" sc="17" el="112" ec="17" bec="0" bev="0" fileid="15" />
                <SequencePoint vc="0" uspid="5404" ordinal="0" offset="157" sl="113" sc="13" el="113" ec="13" bec="0" bev="0" fileid="15" />
                <SequencePoint vc="0" uspid="5405" ordinal="0" offset="158" sl="114" sc="9" el="114" ec="9" bec="0" bev="0" fileid="15" />
                <SequencePoint vc="1" uspid="5406" ordinal="0" offset="159" sl="106" sc="9" el="106" ec="9" bec="0" bev="0" fileid="15" />
                <SequencePoint vc="0" uspid="5407" ordinal="0" offset="177" sl="115" sc="5" el="115" ec="5" bec="0" bev="0" fileid="15" />
              </SequencePoints>
              <BranchPoints />
            </Method>
          </Methods>
        </Class>
        <Class>
          <Summary numSequencePoints="13" visitedSequencePoints="12" numBranchPoints="0" visitedBranchPoints="0" sequenceCoverage="92.31" branchCoverage="0.0" maxCyclomaticComplexity="0" minCyclomaticComplexity="0" maxCrapScore="0" minCrapScore="0" visitedClasses="1" numClasses="1" visitedMethods="1" numMethods="1" />
          <FullName>GameManager/&lt;SpawnTarget&gt;d__25</FullName>
          <Methods>
            <Method visited="true" cyclomaticComplexity="0" nPathComplexity="0" sequenceCoverage="92.31" branchCoverage="0" crapScore="0" isConstructor="false" isStatic="false" isGetter="false" isSetter="false">
              <Summary numSequencePoints="13" visitedSequencePoints="12" numBranchPoints="0" visitedBranchPoints="0" sequenceCoverage="92.31" branchCoverage="0" maxCyclomaticComplexity="0" minCyclomaticComplexity="0" maxCrapScore="0" minCrapScore="0" visitedClasses="0" numClasses="0" visitedMethods="1" numMethods="1" />
              <MetadataToken>100663335</MetadataToken>
              <Name>System.Boolean GameManager/&lt;SpawnTarget&gt;d__25::MoveNext()</Name>
              <FileRef uid="15" />
              <SequencePoints>
                <SequencePoint vc="1" uspid="5408" ordinal="0" offset="31" sl="89" sc="5" el="89" ec="5" bec="0" bev="0" fileid="15" />
                <SequencePoint vc="4" uspid="5409" ordinal="0" offset="37" sl="91" sc="9" el="91" ec="9" bec="0" bev="0" fileid="15" />
                <SequencePoint vc="4" uspid="5410" ordinal="0" offset="38" sl="92" sc="13" el="92" ec="13" bec="0" bev="0" fileid="15" />
                <SequencePoint vc="3" uspid="5411" ordinal="0" offset="76" sl="94" sc="13" el="94" ec="13" bec="0" bev="0" fileid="15" />
                <SequencePoint vc="3" uspid="5412" ordinal="0" offset="94" sl="95" sc="13" el="95" ec="13" bec="0" bev="0" fileid="15" />
                <SequencePoint vc="3" uspid="5413" ordinal="0" offset="95" sl="96" sc="17" el="96" ec="17" bec="0" bev="0" fileid="15" />
                <SequencePoint vc="3" uspid="5414" ordinal="0" offset="123" sl="97" sc="17" el="97" ec="17" bec="0" bev="0" fileid="15" />
                <SequencePoint vc="3" uspid="5415" ordinal="0" offset="144" sl="98" sc="17" el="98" ec="17" bec="0" bev="0" fileid="15" />
                <SequencePoint vc="3" uspid="5416" ordinal="0" offset="171" sl="99" sc="17" el="99" ec="17" bec="0" bev="0" fileid="15" />
                <SequencePoint vc="3" uspid="5417" ordinal="0" offset="210" sl="100" sc="13" el="100" ec="13" bec="0" bev="0" fileid="15" />
                <SequencePoint vc="3" uspid="5418" ordinal="0" offset="223" sl="101" sc="9" el="101" ec="9" bec="0" bev="0" fileid="15" />
                <SequencePoint vc="4" uspid="5419" ordinal="0" offset="224" sl="90" sc="9" el="90" ec="9" bec="0" bev="0" fileid="15" />
                <SequencePoint vc="0" uspid="5420" ordinal="0" offset="242" sl="102" sc="5" el="102" ec="5" bec="0" bev="0" fileid="15" />
              </SequencePoints>
              <BranchPoints />
            </Method>
          </Methods>
        </Class>
      </Classes>
    </Module>
  </Modules>
</CoverageSession>